<?xml version="1.0" encoding="UTF-8"?>
<coverage generated="1774013722030" clover="3.2.0">
  <project timestamp="1774013722031" name="All files">
    <metrics statements="518" coveredstatements="501" conditionals="169" coveredconditionals="149" methods="34" coveredmethods="31" elements="721" coveredelements="681" complexity="0" loc="518" ncloc="518" packages="1" files="6" classes="6"/>
    <file name="emitter.ts" path="/Users/azinakou/Documents/Workspace/CinetPay/Lab/Aurore/seamlessIntegration/src/emitter.ts">
      <metrics statements="33" coveredstatements="33" conditionals="15" coveredconditionals="15" methods="7" coveredmethods="7"/>
      <line num="51" count="1" type="cond" truecount="1" falsecount="0"/>
      <line num="52" count="15" type="stmt"/>
      <line num="68" count="1" type="cond" truecount="1" falsecount="0"/>
      <line num="69" count="15" type="cond" truecount="1" falsecount="0"/>
      <line num="70" count="13" type="stmt"/>
      <line num="71" count="13" type="stmt"/>
      <line num="72" count="15" type="stmt"/>
      <line num="75" count="15" type="cond" truecount="1" falsecount="0"/>
      <line num="76" count="15" type="stmt"/>
      <line num="84" count="1" type="cond" truecount="1" falsecount="0"/>
      <line num="85" count="3" type="stmt"/>
      <line num="86" count="3" type="stmt"/>
      <line num="101" count="1" type="cond" truecount="1" falsecount="0"/>
      <line num="102" count="1" type="cond" truecount="1" falsecount="0"/>
      <line num="103" count="1" type="stmt"/>
      <line num="104" count="1" type="stmt"/>
      <line num="105" count="1" type="stmt"/>
      <line num="106" count="1" type="stmt"/>
      <line num="107" count="1" type="stmt"/>
      <line num="113" count="1" type="cond" truecount="1" falsecount="0"/>
      <line num="114" count="445" type="stmt"/>
      <line num="115" count="445" type="cond" truecount="3" falsecount="0"/>
      <line num="116" count="14" type="cond" truecount="1" falsecount="0"/>
      <line num="117" count="10" type="stmt"/>
      <line num="118" count="10" type="stmt"/>
      <line num="119" count="10" type="cond" truecount="1" falsecount="0"/>
      <line num="121" count="1" type="stmt"/>
      <line num="122" count="10" type="cond" truecount="1" falsecount="0"/>
      <line num="123" count="445" type="stmt"/>
      <line num="129" count="1" type="cond" truecount="1" falsecount="0"/>
      <line num="130" count="1" type="stmt"/>
      <line num="131" count="1" type="stmt"/>
      <line num="132" count="1" type="stmt"/>
    </file>
    <file name="index.ts" path="/Users/azinakou/Documents/Workspace/CinetPay/Lab/Aurore/seamlessIntegration/src/index.ts">
      <metrics statements="189" coveredstatements="173" conditionals="47" coveredconditionals="42" methods="10" coveredmethods="7"/>
      <line num="1" count="1" type="stmt"/>
      <line num="11" count="1" type="stmt"/>
      <line num="12" count="1" type="stmt"/>
      <line num="13" count="1" type="stmt"/>
      <line num="28" count="1" type="stmt"/>
      <line num="30" count="1" type="stmt"/>
      <line num="32" count="1" type="stmt"/>
      <line num="34" count="1" type="stmt"/>
      <line num="36" count="1" type="stmt"/>
      <line num="76" count="1" type="stmt"/>
      <line num="78" count="1" type="stmt"/>
      <line num="81" count="1" type="stmt"/>
      <line num="114" count="1" type="stmt"/>
      <line num="115" count="0" type="stmt"/>
      <line num="116" count="0" type="stmt"/>
      <line num="117" count="0" type="stmt"/>
      <line num="118" count="0" type="stmt"/>
      <line num="119" count="0" type="stmt"/>
      <line num="127" count="1" type="stmt"/>
      <line num="128" count="0" type="stmt"/>
      <line num="129" count="0" type="stmt"/>
      <line num="130" count="0" type="stmt"/>
      <line num="131" count="0" type="stmt"/>
      <line num="132" count="0" type="stmt"/>
      <line num="147" count="1" type="stmt"/>
      <line num="148" count="0" type="stmt"/>
      <line num="149" count="0" type="stmt"/>
      <line num="150" count="0" type="stmt"/>
      <line num="151" count="0" type="stmt"/>
      <line num="152" count="0" type="stmt"/>
      <line num="197" count="1" type="cond" truecount="1" falsecount="0"/>
      <line num="198" count="25" type="stmt"/>
      <line num="200" count="25" type="cond" truecount="1" falsecount="0"/>
      <line num="201" count="25" type="cond" truecount="2" falsecount="0"/>
      <line num="203" count="25" type="cond" truecount="1" falsecount="0"/>
      <line num="204" count="13" type="stmt"/>
      <line num="205" count="25" type="cond" truecount="2" falsecount="0"/>
      <line num="206" count="10" type="stmt"/>
      <line num="207" count="12" type="cond" truecount="1" falsecount="0"/>
      <line num="208" count="2" type="stmt"/>
      <line num="209" count="2" type="stmt"/>
      <line num="210" count="2" type="stmt"/>
      <line num="211" count="2" type="stmt"/>
      <line num="212" count="25" type="stmt"/>
      <line num="223" count="1" type="cond" truecount="1" falsecount="0"/>
      <line num="224" count="55" type="cond" truecount="1" falsecount="0"/>
      <line num="225" count="55" type="stmt"/>
      <line num="226" count="55" type="stmt"/>
      <line num="238" count="1" type="cond" truecount="1" falsecount="0"/>
      <line num="239" count="13" type="cond" truecount="1" falsecount="0"/>
      <line num="240" count="3" type="stmt"/>
      <line num="241" count="3" type="cond" truecount="1" falsecount="0"/>
      <line num="243" count="10" type="stmt"/>
      <line num="244" count="10" type="stmt"/>
      <line num="246" count="10" type="stmt"/>
      <line num="247" count="10" type="stmt"/>
      <line num="248" count="10" type="stmt"/>
      <line num="249" count="10" type="stmt"/>
      <line num="250" count="10" type="stmt"/>
      <line num="251" count="10" type="stmt"/>
      <line num="252" count="10" type="stmt"/>
      <line num="253" count="10" type="stmt"/>
      <line num="254" count="10" type="stmt"/>
      <line num="255" count="10" type="stmt"/>
      <line num="256" count="10" type="stmt"/>
      <line num="257" count="10" type="stmt"/>
      <line num="259" count="10" type="stmt"/>
      <line num="260" count="13" type="stmt"/>
      <line num="274" count="1" type="cond" truecount="1" falsecount="0"/>
      <line num="275" count="10" type="stmt"/>
      <line num="276" count="10" type="stmt"/>
      <line num="277" count="10" type="stmt"/>
      <line num="278" count="10" type="stmt"/>
      <line num="279" count="10" type="stmt"/>
      <line num="280" count="10" type="stmt"/>
      <line num="281" count="10" type="stmt"/>
      <line num="282" count="10" type="stmt"/>
      <line num="283" count="10" type="stmt"/>
      <line num="284" count="10" type="stmt"/>
      <line num="285" count="10" type="stmt"/>
      <line num="286" count="10" type="stmt"/>
      <line num="288" count="10" type="cond" truecount="1" falsecount="0"/>
      <line num="289" count="1" type="stmt"/>
      <line num="290" count="1" type="stmt"/>
      <line num="292" count="1" type="stmt"/>
      <line num="293" count="1" type="stmt"/>
      <line num="295" count="10" type="stmt"/>
      <line num="296" count="10" type="stmt"/>
      <line num="297" count="10" type="stmt"/>
      <line num="299" count="10" type="cond" truecount="1" falsecount="0"/>
      <line num="300" count="7" type="stmt"/>
      <line num="302" count="7" type="cond" truecount="1" falsecount="0"/>
      <line num="303" count="5" type="stmt"/>
      <line num="305" count="5" type="stmt"/>
      <line num="306" count="5" type="stmt"/>
      <line num="307" count="5" type="stmt"/>
      <line num="308" count="5" type="stmt"/>
      <line num="309" count="5" type="stmt"/>
      <line num="310" count="5" type="cond" truecount="0" falsecount="1"/>
      <line num="311" count="5" type="stmt"/>
      <line num="312" count="5" type="stmt"/>
      <line num="313" count="10" type="stmt"/>
      <line num="324" count="1" type="cond" truecount="1" falsecount="0"/>
      <line num="325" count="12" type="cond" truecount="2" falsecount="0"/>
      <line num="326" count="12" type="stmt"/>
      <line num="338" count="1" type="cond" truecount="1" falsecount="0"/>
      <line num="339" count="10" type="stmt"/>
      <line num="340" count="10" type="stmt"/>
      <line num="342" count="10" type="stmt"/>
      <line num="343" count="10" type="stmt"/>
      <line num="344" count="10" type="stmt"/>
      <line num="345" count="10" type="stmt"/>
      <line num="346" count="10" type="stmt"/>
      <line num="347" count="10" type="stmt"/>
      <line num="348" count="10" type="stmt"/>
      <line num="349" count="10" type="stmt"/>
      <line num="350" count="10" type="stmt"/>
      <line num="351" count="10" type="stmt"/>
      <line num="352" count="10" type="cond" truecount="1" falsecount="0"/>
      <line num="353" count="10" type="cond" truecount="1" falsecount="0"/>
      <line num="354" count="2" type="cond" truecount="2" falsecount="0"/>
      <line num="355" count="1" type="stmt"/>
      <line num="356" count="1" type="stmt"/>
      <line num="357" count="1" type="stmt"/>
      <line num="358" count="10" type="cond" truecount="1" falsecount="0"/>
      <line num="359" count="10" type="stmt"/>
      <line num="360" count="10" type="cond" truecount="1" falsecount="0"/>
      <line num="362" count="8" type="stmt"/>
      <line num="364" count="10" type="cond" truecount="2" falsecount="0"/>
      <line num="365" count="1" type="stmt"/>
      <line num="366" count="1" type="cond" truecount="0" falsecount="1"/>
      <line num="367" count="1" type="stmt"/>
      <line num="368" count="1" type="cond" truecount="1" falsecount="0"/>
      <line num="370" count="7" type="stmt"/>
      <line num="371" count="10" type="stmt"/>
      <line num="386" count="1" type="cond" truecount="1" falsecount="0"/>
      <line num="387" count="7" type="stmt"/>
      <line num="388" count="7" type="stmt"/>
      <line num="389" count="7" type="stmt"/>
      <line num="390" count="7" type="stmt"/>
      <line num="391" count="7" type="stmt"/>
      <line num="392" count="7" type="stmt"/>
      <line num="393" count="7" type="stmt"/>
      <line num="394" count="7" type="stmt"/>
      <line num="395" count="7" type="stmt"/>
      <line num="396" count="7" type="stmt"/>
      <line num="397" count="7" type="stmt"/>
      <line num="398" count="7" type="stmt"/>
      <line num="399" count="7" type="stmt"/>
      <line num="400" count="7" type="stmt"/>
      <line num="401" count="7" type="stmt"/>
      <line num="403" count="7" type="cond" truecount="1" falsecount="0"/>
      <line num="404" count="7" type="cond" truecount="1" falsecount="0"/>
      <line num="406" count="7" type="stmt"/>
      <line num="407" count="7" type="stmt"/>
      <line num="409" count="7" type="stmt"/>
      <line num="410" count="7" type="stmt"/>
      <line num="411" count="7" type="stmt"/>
      <line num="412" count="7" type="stmt"/>
      <line num="413" count="7" type="stmt"/>
      <line num="414" count="7" type="stmt"/>
      <line num="415" count="7" type="stmt"/>
      <line num="416" count="7" type="stmt"/>
      <line num="417" count="7" type="stmt"/>
      <line num="418" count="7" type="stmt"/>
      <line num="419" count="7" type="cond" truecount="1" falsecount="0"/>
      <line num="420" count="7" type="cond" truecount="1" falsecount="0"/>
      <line num="421" count="1" type="stmt"/>
      <line num="422" count="1" type="stmt"/>
      <line num="423" count="1" type="cond" truecount="0" falsecount="1"/>
      <line num="424" count="0" type="stmt"/>
      <line num="425" count="7" type="cond" truecount="1" falsecount="0"/>
      <line num="426" count="7" type="stmt"/>
      <line num="427" count="7" type="cond" truecount="1" falsecount="0"/>
      <line num="429" count="6" type="stmt"/>
      <line num="431" count="7" type="cond" truecount="2" falsecount="0"/>
      <line num="432" count="1" type="stmt"/>
      <line num="433" count="1" type="cond" truecount="0" falsecount="2"/>
      <line num="434" count="1" type="stmt"/>
      <line num="435" count="1" type="cond" truecount="1" falsecount="0"/>
      <line num="437" count="7" type="cond" truecount="1" falsecount="0"/>
      <line num="438" count="4" type="stmt"/>
      <line num="439" count="4" type="cond" truecount="1" falsecount="0"/>
      <line num="441" count="1" type="stmt"/>
      <line num="442" count="7" type="stmt"/>
      <line num="443" count="1" type="stmt"/>
      <line num="446" count="1" type="stmt"/>
      <line num="447" count="1" type="stmt"/>
      <line num="448" count="1" type="stmt"/>
    </file>
    <file name="logger.ts" path="/Users/azinakou/Documents/Workspace/CinetPay/Lab/Aurore/seamlessIntegration/src/logger.ts">
      <metrics statements="30" coveredstatements="30" conditionals="18" coveredconditionals="18" methods="4" coveredmethods="4"/>
      <line num="2" count="1" type="stmt"/>
      <line num="11" count="1" type="stmt"/>
      <line num="14" count="1" type="cond" truecount="1" falsecount="0"/>
      <line num="15" count="35" type="stmt"/>
      <line num="16" count="35" type="stmt"/>
      <line num="19" count="1" type="cond" truecount="1" falsecount="0"/>
      <line num="20" count="853" type="cond" truecount="3" falsecount="0"/>
      <line num="21" count="94" type="cond" truecount="2" falsecount="0"/>
      <line num="22" count="3" type="stmt"/>
      <line num="23" count="92" type="cond" truecount="1" falsecount="0"/>
      <line num="24" count="2" type="stmt"/>
      <line num="25" count="2" type="stmt"/>
      <line num="26" count="853" type="stmt"/>
      <line num="29" count="1" type="cond" truecount="1" falsecount="0"/>
      <line num="30" count="186" type="cond" truecount="3" falsecount="0"/>
      <line num="31" count="3" type="cond" truecount="1" falsecount="0"/>
      <line num="32" count="1" type="stmt"/>
      <line num="33" count="1" type="stmt"/>
      <line num="34" count="1" type="stmt"/>
      <line num="35" count="1" type="stmt"/>
      <line num="36" count="186" type="stmt"/>
      <line num="39" count="1" type="cond" truecount="1" falsecount="0"/>
      <line num="40" count="26" type="cond" truecount="3" falsecount="0"/>
      <line num="41" count="3" type="cond" truecount="1" falsecount="0"/>
      <line num="42" count="1" type="stmt"/>
      <line num="43" count="1" type="stmt"/>
      <line num="44" count="1" type="stmt"/>
      <line num="45" count="1" type="stmt"/>
      <line num="46" count="26" type="stmt"/>
      <line num="47" count="1" type="stmt"/>
    </file>
    <file name="modal.ts" path="/Users/azinakou/Documents/Workspace/CinetPay/Lab/Aurore/seamlessIntegration/src/modal.ts">
      <metrics statements="259" coveredstatements="258" conditionals="86" coveredconditionals="71" methods="11" coveredmethods="11"/>
      <line num="1" count="1" type="stmt"/>
      <line num="7" count="1" type="stmt"/>
      <line num="36" count="1" type="cond" truecount="1" falsecount="0"/>
      <line num="38" count="3" type="stmt"/>
      <line num="40" count="3" type="stmt"/>
      <line num="42" count="3" type="stmt"/>
      <line num="55" count="3" type="stmt"/>
      <line num="57" count="3" type="stmt"/>
      <line num="68" count="3" type="cond" truecount="1" falsecount="0"/>
      <line num="69" count="61" type="cond" truecount="1" falsecount="0"/>
      <line num="70" count="61" type="cond" truecount="1" falsecount="0"/>
      <line num="71" count="61" type="stmt"/>
      <line num="72" count="61" type="stmt"/>
      <line num="73" count="61" type="stmt"/>
      <line num="74" count="61" type="stmt"/>
      <line num="75" count="61" type="stmt"/>
      <line num="76" count="61" type="stmt"/>
      <line num="77" count="61" type="stmt"/>
      <line num="78" count="61" type="stmt"/>
      <line num="79" count="61" type="stmt"/>
      <line num="86" count="3" type="cond" truecount="1" falsecount="0"/>
      <line num="87" count="56" type="stmt"/>
      <line num="88" count="56" type="stmt"/>
      <line num="89" count="56" type="stmt"/>
      <line num="90" count="56" type="stmt"/>
      <line num="91" count="56" type="stmt"/>
      <line num="93" count="56" type="cond" truecount="1" falsecount="0"/>
      <line num="94" count="56" type="cond" truecount="1" falsecount="0"/>
      <line num="95" count="56" type="stmt"/>
      <line num="97" count="56" type="stmt"/>
      <line num="98" count="56" type="stmt"/>
      <line num="105" count="3" type="cond" truecount="1" falsecount="0"/>
      <line num="106" count="38" type="cond" truecount="2" falsecount="0"/>
      <line num="108" count="37" type="stmt"/>
      <line num="110" count="37" type="cond" truecount="1" falsecount="0"/>
      <line num="111" count="19" type="stmt"/>
      <line num="112" count="19" type="stmt"/>
      <line num="113" count="19" type="stmt"/>
      <line num="114" count="19" type="stmt"/>
      <line num="116" count="19" type="stmt"/>
      <line num="117" count="19" type="stmt"/>
      <line num="118" count="19" type="stmt"/>
      <line num="119" count="19" type="stmt"/>
      <line num="121" count="19" type="stmt"/>
      <line num="122" count="19" type="stmt"/>
      <line num="123" count="19" type="cond" truecount="1" falsecount="0"/>
      <line num="124" count="37" type="stmt"/>
      <line num="125" count="38" type="stmt"/>
      <line num="132" count="3" type="cond" truecount="1" falsecount="0"/>
      <line num="133" count="388" type="stmt"/>
      <line num="135" count="388" type="stmt"/>
      <line num="136" count="388" type="stmt"/>
      <line num="137" count="388" type="stmt"/>
      <line num="138" count="388" type="stmt"/>
      <line num="139" count="388" type="stmt"/>
      <line num="140" count="388" type="stmt"/>
      <line num="142" count="388" type="stmt"/>
      <line num="143" count="388" type="cond" truecount="1" falsecount="0"/>
      <line num="144" count="284" type="stmt"/>
      <line num="145" count="284" type="stmt"/>
      <line num="146" count="284" type="cond" truecount="1" falsecount="0"/>
      <line num="147" count="284" type="stmt"/>
      <line num="148" count="388" type="cond" truecount="1" falsecount="0"/>
      <line num="149" count="59" type="stmt"/>
      <line num="150" count="59" type="stmt"/>
      <line num="151" count="59" type="cond" truecount="1" falsecount="0"/>
      <line num="152" count="59" type="stmt"/>
      <line num="153" count="388" type="cond" truecount="1" falsecount="0"/>
      <line num="154" count="388" type="cond" truecount="1" falsecount="0"/>
      <line num="155" count="388" type="cond" truecount="1" falsecount="0"/>
      <line num="156" count="388" type="cond" truecount="1" falsecount="0"/>
      <line num="157" count="45" type="stmt"/>
      <line num="158" count="45" type="stmt"/>
      <line num="159" count="45" type="cond" truecount="1" falsecount="0"/>
      <line num="160" count="45" type="stmt"/>
      <line num="161" count="388" type="stmt"/>
      <line num="163" count="388" type="cond" truecount="3" falsecount="0"/>
      <line num="164" count="246" type="stmt"/>
      <line num="165" count="246" type="stmt"/>
      <line num="166" count="388" type="stmt"/>
      <line num="173" count="3" type="cond" truecount="1" falsecount="0"/>
      <line num="174" count="246" type="stmt"/>
      <line num="175" count="246" type="cond" truecount="0" falsecount="1"/>
      <line num="177" count="246" type="stmt"/>
      <line num="178" count="246" type="cond" truecount="0" falsecount="1"/>
      <line num="180" count="246" type="cond" truecount="1" falsecount="0"/>
      <line num="182" count="246" type="stmt"/>
      <line num="183" count="246" type="stmt"/>
      <line num="185" count="246" type="stmt"/>
      <line num="186" count="246" type="cond" truecount="2" falsecount="0"/>
      <line num="187" count="246" type="cond" truecount="2" falsecount="0"/>
      <line num="188" count="246" type="stmt"/>
      <line num="190" count="246" type="stmt"/>
      <line num="191" count="246" type="stmt"/>
      <line num="192" count="246" type="cond" truecount="1" falsecount="0"/>
      <line num="193" count="200" type="cond" truecount="1" falsecount="1"/>
      <line num="194" count="46" type="cond" truecount="0" falsecount="1"/>
      <line num="195" count="246" type="stmt"/>
      <line num="197" count="246" type="stmt"/>
      <line num="198" count="246" type="stmt"/>
      <line num="199" count="246" type="cond" truecount="1" falsecount="0"/>
      <line num="200" count="200" type="stmt"/>
      <line num="201" count="200" type="cond" truecount="0" falsecount="1"/>
      <line num="202" count="0" type="cond" truecount="1" falsecount="0"/>
      <line num="203" count="46" type="cond" truecount="0" falsecount="1"/>
      <line num="204" count="246" type="stmt"/>
      <line num="206" count="246" type="stmt"/>
      <line num="207" count="246" type="stmt"/>
      <line num="208" count="246" type="cond" truecount="0" falsecount="1"/>
      <line num="209" count="246" type="stmt"/>
      <line num="210" count="246" type="stmt"/>
      <line num="212" count="246" type="stmt"/>
      <line num="213" count="246" type="stmt"/>
      <line num="216" count="3" type="cond" truecount="1" falsecount="0"/>
      <line num="217" count="56" type="cond" truecount="2" falsecount="0"/>
      <line num="218" count="49" type="stmt"/>
      <line num="219" count="49" type="stmt"/>
      <line num="220" count="49" type="stmt"/>
      <line num="221" count="49" type="stmt"/>
      <line num="222" count="56" type="stmt"/>
      <line num="225" count="3" type="cond" truecount="1" falsecount="0"/>
      <line num="226" count="56" type="stmt"/>
      <line num="227" count="56" type="stmt"/>
      <line num="228" count="56" type="cond" truecount="1" falsecount="0"/>
      <line num="229" count="3" type="cond" truecount="1" falsecount="0"/>
      <line num="230" count="56" type="stmt"/>
      <line num="231" count="56" type="stmt"/>
      <line num="232" count="56" type="stmt"/>
      <line num="239" count="3" type="cond" truecount="1" falsecount="0"/>
      <line num="240" count="56" type="stmt"/>
      <line num="241" count="56" type="cond" truecount="2" falsecount="0"/>
      <line num="244" count="56" type="stmt"/>
      <line num="245" count="56" type="stmt"/>
      <line num="247" count="56" type="stmt"/>
      <line num="248" count="56" type="stmt"/>
      <line num="250" count="56" type="stmt"/>
      <line num="251" count="56" type="stmt"/>
      <line num="252" count="56" type="stmt"/>
      <line num="253" count="56" type="stmt"/>
      <line num="254" count="56" type="stmt"/>
      <line num="255" count="56" type="stmt"/>
      <line num="256" count="56" type="stmt"/>
      <line num="257" count="56" type="stmt"/>
      <line num="258" count="56" type="stmt"/>
      <line num="259" count="56" type="stmt"/>
      <line num="260" count="56" type="stmt"/>
      <line num="261" count="56" type="stmt"/>
      <line num="262" count="56" type="stmt"/>
      <line num="263" count="56" type="stmt"/>
      <line num="264" count="56" type="stmt"/>
      <line num="265" count="56" type="stmt"/>
      <line num="266" count="56" type="stmt"/>
      <line num="267" count="56" type="cond" truecount="2" falsecount="0"/>
      <line num="268" count="56" type="stmt"/>
      <line num="269" count="56" type="stmt"/>
      <line num="270" count="56" type="stmt"/>
      <line num="271" count="56" type="stmt"/>
      <line num="273" count="56" type="stmt"/>
      <line num="274" count="56" type="stmt"/>
      <line num="275" count="56" type="stmt"/>
      <line num="276" count="56" type="stmt"/>
      <line num="277" count="56" type="stmt"/>
      <line num="278" count="56" type="stmt"/>
      <line num="279" count="56" type="stmt"/>
      <line num="280" count="56" type="stmt"/>
      <line num="281" count="56" type="stmt"/>
      <line num="282" count="56" type="stmt"/>
      <line num="283" count="56" type="stmt"/>
      <line num="284" count="56" type="stmt"/>
      <line num="285" count="56" type="stmt"/>
      <line num="286" count="56" type="stmt"/>
      <line num="287" count="56" type="stmt"/>
      <line num="288" count="56" type="cond" truecount="1" falsecount="0"/>
      <line num="290" count="56" type="stmt"/>
      <line num="291" count="56" type="stmt"/>
      <line num="294" count="56" type="stmt"/>
      <line num="295" count="56" type="stmt"/>
      <line num="297" count="56" type="stmt"/>
      <line num="298" count="56" type="stmt"/>
      <line num="299" count="56" type="stmt"/>
      <line num="300" count="56" type="stmt"/>
      <line num="301" count="56" type="stmt"/>
      <line num="302" count="56" type="stmt"/>
      <line num="303" count="56" type="stmt"/>
      <line num="304" count="56" type="stmt"/>
      <line num="305" count="56" type="stmt"/>
      <line num="307" count="56" type="stmt"/>
      <line num="308" count="56" type="stmt"/>
      <line num="309" count="56" type="stmt"/>
      <line num="310" count="56" type="stmt"/>
      <line num="311" count="56" type="stmt"/>
      <line num="312" count="56" type="stmt"/>
      <line num="313" count="56" type="cond" truecount="1" falsecount="0"/>
      <line num="314" count="1" type="stmt"/>
      <line num="315" count="1" type="stmt"/>
      <line num="316" count="1" type="stmt"/>
      <line num="317" count="1" type="stmt"/>
      <line num="318" count="1" type="stmt"/>
      <line num="319" count="56" type="stmt"/>
      <line num="321" count="56" type="stmt"/>
      <line num="322" count="56" type="stmt"/>
      <line num="325" count="56" type="stmt"/>
      <line num="326" count="56" type="stmt"/>
      <line num="327" count="56" type="stmt"/>
      <line num="329" count="56" type="stmt"/>
      <line num="330" count="56" type="stmt"/>
      <line num="331" count="56" type="stmt"/>
      <line num="332" count="56" type="stmt"/>
      <line num="333" count="56" type="stmt"/>
      <line num="338" count="3" type="stmt"/>
      <line num="339" count="3" type="stmt"/>
      <line num="340" count="3" type="stmt"/>
      <line num="341" count="3" type="stmt"/>
      <line num="342" count="3" type="stmt"/>
      <line num="343" count="3" type="stmt"/>
      <line num="344" count="3" type="stmt"/>
      <line num="345" count="3" type="stmt"/>
      <line num="351" count="3" type="cond" truecount="1" falsecount="0"/>
      <line num="352" count="56" type="cond" truecount="1" falsecount="0"/>
      <line num="353" count="580" type="cond" truecount="2" falsecount="0"/>
      <line num="354" count="124" type="stmt"/>
      <line num="355" count="124" type="stmt"/>
      <line num="356" count="124" type="cond" truecount="1" falsecount="0"/>
      <line num="358" count="456" type="stmt"/>
      <line num="359" count="580" type="cond" truecount="2" falsecount="0"/>
      <line num="360" count="580" type="cond" truecount="2" falsecount="1"/>
      <line num="363" count="580" type="cond" truecount="1" falsecount="0"/>
      <line num="364" count="388" type="stmt"/>
      <line num="365" count="388" type="stmt"/>
      <line num="366" count="388" type="cond" truecount="0" falsecount="2"/>
      <line num="367" count="388" type="cond" truecount="2" falsecount="0"/>
      <line num="368" count="388" type="stmt"/>
      <line num="369" count="388" type="cond" truecount="2" falsecount="0"/>
      <line num="370" count="388" type="cond" truecount="2" falsecount="0"/>
      <line num="371" count="388" type="stmt"/>
      <line num="372" count="388" type="stmt"/>
      <line num="373" count="388" type="stmt"/>
      <line num="374" count="388" type="cond" truecount="0" falsecount="2"/>
      <line num="375" count="388" type="stmt"/>
      <line num="377" count="388" type="stmt"/>
      <line num="378" count="388" type="cond" truecount="1" falsecount="0"/>
      <line num="381" count="580" type="cond" truecount="1" falsecount="0"/>
      <line num="382" count="23" type="stmt"/>
      <line num="383" count="23" type="cond" truecount="0" falsecount="1"/>
      <line num="384" count="23" type="cond" truecount="0" falsecount="2"/>
      <line num="385" count="23" type="stmt"/>
      <line num="386" count="23" type="stmt"/>
      <line num="387" count="23" type="stmt"/>
      <line num="388" count="23" type="cond" truecount="1" falsecount="0"/>
      <line num="389" count="23" type="cond" truecount="1" falsecount="0"/>
      <line num="392" count="580" type="cond" truecount="2" falsecount="0"/>
      <line num="393" count="11" type="stmt"/>
      <line num="394" count="11" type="stmt"/>
      <line num="395" count="580" type="cond" truecount="1" falsecount="0"/>
      <line num="397" count="34" type="stmt"/>
      <line num="398" count="580" type="stmt"/>
      <line num="400" count="56" type="stmt"/>
      <line num="401" count="56" type="stmt"/>
      <line num="402" count="3" type="stmt"/>
    </file>
    <file name="styles.ts" path="/Users/azinakou/Documents/Workspace/CinetPay/Lab/Aurore/seamlessIntegration/src/styles.ts">
      <metrics statements="1" coveredstatements="1" conditionals="0" coveredconditionals="0" methods="0" coveredmethods="0"/>
      <line num="19" count="1" type="stmt"/>
    </file>
    <file name="types.ts" path="/Users/azinakou/Documents/Workspace/CinetPay/Lab/Aurore/seamlessIntegration/src/types.ts">
      <metrics statements="6" coveredstatements="6" conditionals="3" coveredconditionals="3" methods="2" coveredmethods="2"/>
      <line num="108" count="1" type="cond" truecount="1" falsecount="0"/>
      <line num="109" count="15" type="cond" truecount="1" falsecount="0"/>
      <line num="110" count="15" type="stmt"/>
      <line num="113" count="1" type="cond" truecount="1" falsecount="0"/>
      <line num="114" count="52" type="stmt"/>
      <line num="115" count="52" type="stmt"/>
    </file>
  </project>
</coverage>
