{"/Users/azinakou/Documents/Workspace/CinetPay/Lab/Aurore/seamlessIntegration/src/emitter.ts": {"path":"/Users/azinakou/Documents/Workspace/CinetPay/Lab/Aurore/seamlessIntegration/src/emitter.ts","all":false,"statementMap":{"50":{"start":{"line":51,"column":0},"end":{"line":51,"column":27}},"51":{"start":{"line":52,"column":0},"end":{"line":52,"column":54}},"67":{"start":{"line":68,"column":0},"end":{"line":68,"column":80}},"68":{"start":{"line":69,"column":0},"end":{"line":69,"column":37}},"69":{"start":{"line":70,"column":0},"end":{"line":70,"column":42}},"70":{"start":{"line":71,"column":0},"end":{"line":71,"column":5}},"71":{"start":{"line":72,"column":0},"end":{"line":72,"column":43}},"74":{"start":{"line":75,"column":0},"end":{"line":75,"column":41}},"75":{"start":{"line":76,"column":0},"end":{"line":76,"column":3}},"83":{"start":{"line":84,"column":0},"end":{"line":84,"column":75}},"84":{"start":{"line":85,"column":0},"end":{"line":85,"column":46}},"85":{"start":{"line":86,"column":0},"end":{"line":86,"column":3}},"100":{"start":{"line":101,"column":0},"end":{"line":101,"column":76}},"101":{"start":{"line":102,"column":0},"end":{"line":102,"column":46}},"102":{"start":{"line":103,"column":0},"end":{"line":103,"column":54}},"103":{"start":{"line":104,"column":0},"end":{"line":104,"column":37}},"104":{"start":{"line":105,"column":0},"end":{"line":105,"column":30}},"105":{"start":{"line":106,"column":0},"end":{"line":106,"column":27}},"106":{"start":{"line":107,"column":0},"end":{"line":107,"column":3}},"112":{"start":{"line":113,"column":0},"end":{"line":113,"column":101}},"113":{"start":{"line":114,"column":0},"end":{"line":114,"column":46}},"114":{"start":{"line":115,"column":0},"end":{"line":115,"column":25}},"115":{"start":{"line":116,"column":0},"end":{"line":116,"column":37}},"116":{"start":{"line":117,"column":0},"end":{"line":117,"column":11}},"117":{"start":{"line":118,"column":0},"end":{"line":118,"column":38}},"118":{"start":{"line":119,"column":0},"end":{"line":119,"column":15}},"120":{"start":{"line":121,"column":0},"end":{"line":121,"column":7}},"121":{"start":{"line":122,"column":0},"end":{"line":122,"column":5}},"122":{"start":{"line":123,"column":0},"end":{"line":123,"column":3}},"128":{"start":{"line":129,"column":0},"end":{"line":129,"column":21}},"129":{"start":{"line":130,"column":0},"end":{"line":130,"column":26}},"130":{"start":{"line":131,"column":0},"end":{"line":131,"column":3}},"131":{"start":{"line":132,"column":0},"end":{"line":132,"column":1}}},"s":{"50":1,"51":15,"67":1,"68":15,"69":13,"70":13,"71":15,"74":15,"75":15,"83":1,"84":3,"85":3,"100":1,"101":1,"102":1,"103":1,"104":1,"105":1,"106":1,"112":1,"113":445,"114":445,"115":14,"116":10,"117":10,"118":10,"120":1,"121":10,"122":445,"128":1,"129":1,"130":1,"131":1},"branchMap":{"0":{"type":"branch","line":51,"loc":{"start":{"line":51,"column":7},"end":{"line":52,"column":54}},"locations":[{"start":{"line":51,"column":7},"end":{"line":52,"column":54}}]},"1":{"type":"branch","line":68,"loc":{"start":{"line":68,"column":2},"end":{"line":76,"column":3}},"locations":[{"start":{"line":68,"column":2},"end":{"line":76,"column":3}}]},"2":{"type":"branch","line":69,"loc":{"start":{"line":69,"column":36},"end":{"line":71,"column":5}},"locations":[{"start":{"line":69,"column":36},"end":{"line":71,"column":5}}]},"3":{"type":"branch","line":75,"loc":{"start":{"line":75,"column":11},"end":{"line":75,"column":41}},"locations":[{"start":{"line":75,"column":11},"end":{"line":75,"column":41}}]},"4":{"type":"branch","line":84,"loc":{"start":{"line":84,"column":2},"end":{"line":86,"column":3}},"locations":[{"start":{"line":84,"column":2},"end":{"line":86,"column":3}}]},"5":{"type":"branch","line":101,"loc":{"start":{"line":101,"column":2},"end":{"line":107,"column":3}},"locations":[{"start":{"line":101,"column":2},"end":{"line":107,"column":3}}]},"6":{"type":"branch","line":102,"loc":{"start":{"line":102,"column":21},"end":{"line":105,"column":30}},"locations":[{"start":{"line":102,"column":21},"end":{"line":105,"column":30}}]},"7":{"type":"branch","line":113,"loc":{"start":{"line":113,"column":2},"end":{"line":123,"column":3}},"locations":[{"start":{"line":113,"column":2},"end":{"line":123,"column":3}}]},"8":{"type":"branch","line":115,"loc":{"start":{"line":115,"column":19},"end":{"line":115,"column":25}},"locations":[{"start":{"line":115,"column":19},"end":{"line":115,"column":25}}]},"9":{"type":"branch","line":115,"loc":{"start":{"line":115,"column":19},"end":{"line":122,"column":5}},"locations":[{"start":{"line":115,"column":19},"end":{"line":122,"column":5}}]},"10":{"type":"branch","line":115,"loc":{"start":{"line":115,"column":19},"end":{"line":116,"column":36}},"locations":[{"start":{"line":115,"column":19},"end":{"line":116,"column":36}}]},"11":{"type":"branch","line":116,"loc":{"start":{"line":116,"column":36},"end":{"line":122,"column":5}},"locations":[{"start":{"line":116,"column":36},"end":{"line":122,"column":5}}]},"12":{"type":"branch","line":119,"loc":{"start":{"line":119,"column":6},"end":{"line":121,"column":7}},"locations":[{"start":{"line":119,"column":6},"end":{"line":121,"column":7}}]},"13":{"type":"branch","line":122,"loc":{"start":{"line":122,"column":4},"end":{"line":122,"column":5}},"locations":[{"start":{"line":122,"column":4},"end":{"line":122,"column":5}}]},"14":{"type":"branch","line":129,"loc":{"start":{"line":129,"column":2},"end":{"line":131,"column":3}},"locations":[{"start":{"line":129,"column":2},"end":{"line":131,"column":3}}]}},"b":{"0":[15],"1":[15],"2":[13],"3":[1],"4":[3],"5":[1],"6":[1],"7":[445],"8":[434],"9":[14],"10":[11],"11":[10],"12":[1],"13":[11],"14":[1]},"fnMap":{"0":{"name":"EventEmitter","decl":{"start":{"line":51,"column":7},"end":{"line":52,"column":54}},"loc":{"start":{"line":51,"column":7},"end":{"line":52,"column":54}},"line":51},"1":{"name":"on","decl":{"start":{"line":68,"column":2},"end":{"line":76,"column":3}},"loc":{"start":{"line":68,"column":2},"end":{"line":76,"column":3}},"line":68},"2":{"name":"off","decl":{"start":{"line":84,"column":2},"end":{"line":86,"column":3}},"loc":{"start":{"line":84,"column":2},"end":{"line":86,"column":3}},"line":84},"3":{"name":"once","decl":{"start":{"line":101,"column":2},"end":{"line":107,"column":3}},"loc":{"start":{"line":101,"column":2},"end":{"line":107,"column":3}},"line":101},"4":{"name":"wrapper","decl":{"start":{"line":102,"column":21},"end":{"line":105,"column":30}},"loc":{"start":{"line":102,"column":21},"end":{"line":105,"column":30}},"line":102},"5":{"name":"emit","decl":{"start":{"line":113,"column":2},"end":{"line":123,"column":3}},"loc":{"start":{"line":113,"column":2},"end":{"line":123,"column":3}},"line":113},"6":{"name":"removeAll","decl":{"start":{"line":129,"column":2},"end":{"line":131,"column":3}},"loc":{"start":{"line":129,"column":2},"end":{"line":131,"column":3}},"line":129}},"f":{"0":15,"1":15,"2":3,"3":1,"4":1,"5":445,"6":1}}
,"/Users/azinakou/Documents/Workspace/CinetPay/Lab/Aurore/seamlessIntegration/src/index.ts": {"path":"/Users/azinakou/Documents/Workspace/CinetPay/Lab/Aurore/seamlessIntegration/src/index.ts","all":false,"statementMap":{"0":{"start":{"line":1,"column":0},"end":{"line":1,"column":31}},"10":{"start":{"line":11,"column":0},"end":{"line":11,"column":57}},"11":{"start":{"line":12,"column":0},"end":{"line":12,"column":33}},"12":{"start":{"line":13,"column":0},"end":{"line":13,"column":71}},"27":{"start":{"line":28,"column":0},"end":{"line":28,"column":55}},"29":{"start":{"line":30,"column":0},"end":{"line":30,"column":51}},"31":{"start":{"line":32,"column":0},"end":{"line":32,"column":38}},"33":{"start":{"line":34,"column":0},"end":{"line":34,"column":53}},"35":{"start":{"line":36,"column":0},"end":{"line":36,"column":30}},"75":{"start":{"line":76,"column":0},"end":{"line":76,"column":33}},"77":{"start":{"line":78,"column":0},"end":{"line":78,"column":31}},"80":{"start":{"line":81,"column":0},"end":{"line":81,"column":31}},"113":{"start":{"line":114,"column":0},"end":{"line":114,"column":26}},"114":{"start":{"line":115,"column":0},"end":{"line":115,"column":13}},"115":{"start":{"line":116,"column":0},"end":{"line":116,"column":81}},"116":{"start":{"line":117,"column":0},"end":{"line":117,"column":17}},"117":{"start":{"line":118,"column":0},"end":{"line":118,"column":43}},"118":{"start":{"line":119,"column":0},"end":{"line":119,"column":4}},"126":{"start":{"line":127,"column":0},"end":{"line":127,"column":27}},"127":{"start":{"line":128,"column":0},"end":{"line":128,"column":13}},"128":{"start":{"line":129,"column":0},"end":{"line":129,"column":81}},"129":{"start":{"line":130,"column":0},"end":{"line":130,"column":11}},"130":{"start":{"line":131,"column":0},"end":{"line":131,"column":37}},"131":{"start":{"line":132,"column":0},"end":{"line":132,"column":4}},"146":{"start":{"line":147,"column":0},"end":{"line":147,"column":28}},"147":{"start":{"line":148,"column":0},"end":{"line":148,"column":13}},"148":{"start":{"line":149,"column":0},"end":{"line":149,"column":81}},"149":{"start":{"line":150,"column":0},"end":{"line":150,"column":11}},"150":{"start":{"line":151,"column":0},"end":{"line":151,"column":38}},"151":{"start":{"line":152,"column":0},"end":{"line":152,"column":4}},"196":{"start":{"line":197,"column":0},"end":{"line":197,"column":53}},"197":{"start":{"line":198,"column":0},"end":{"line":198,"column":16}},"199":{"start":{"line":200,"column":0},"end":{"line":200,"column":52}},"200":{"start":{"line":201,"column":0},"end":{"line":201,"column":108}},"202":{"start":{"line":203,"column":0},"end":{"line":203,"column":34}},"203":{"start":{"line":204,"column":0},"end":{"line":204,"column":40}},"204":{"start":{"line":205,"column":0},"end":{"line":205,"column":40}},"205":{"start":{"line":206,"column":0},"end":{"line":206,"column":43}},"206":{"start":{"line":207,"column":0},"end":{"line":207,"column":12}},"207":{"start":{"line":208,"column":0},"end":{"line":208,"column":22}},"208":{"start":{"line":209,"column":0},"end":{"line":209,"column":113}},"209":{"start":{"line":210,"column":0},"end":{"line":210,"column":7}},"210":{"start":{"line":211,"column":0},"end":{"line":211,"column":5}},"211":{"start":{"line":212,"column":0},"end":{"line":212,"column":4}},"222":{"start":{"line":223,"column":0},"end":{"line":223,"column":17}},"223":{"start":{"line":224,"column":0},"end":{"line":224,"column":24}},"224":{"start":{"line":225,"column":0},"end":{"line":225,"column":22}},"225":{"start":{"line":226,"column":0},"end":{"line":226,"column":4}},"237":{"start":{"line":238,"column":0},"end":{"line":238,"column":77}},"238":{"start":{"line":239,"column":0},"end":{"line":239,"column":63}},"239":{"start":{"line":240,"column":0},"end":{"line":240,"column":98}},"240":{"start":{"line":241,"column":0},"end":{"line":241,"column":5}},"242":{"start":{"line":243,"column":0},"end":{"line":243,"column":75}},"243":{"start":{"line":244,"column":0},"end":{"line":244,"column":60}},"245":{"start":{"line":246,"column":0},"end":{"line":246,"column":29}},"246":{"start":{"line":247,"column":0},"end":{"line":247,"column":26}},"247":{"start":{"line":248,"column":0},"end":{"line":248,"column":52}},"248":{"start":{"line":249,"column":0},"end":{"line":249,"column":13}},"249":{"start":{"line":250,"column":0},"end":{"line":250,"column":29}},"250":{"start":{"line":251,"column":0},"end":{"line":251,"column":30}},"251":{"start":{"line":252,"column":0},"end":{"line":252,"column":48}},"252":{"start":{"line":253,"column":0},"end":{"line":253,"column":46}},"253":{"start":{"line":254,"column":0},"end":{"line":254,"column":48}},"254":{"start":{"line":255,"column":0},"end":{"line":255,"column":30}},"255":{"start":{"line":256,"column":0},"end":{"line":256,"column":30}},"256":{"start":{"line":257,"column":0},"end":{"line":257,"column":6}},"258":{"start":{"line":259,"column":0},"end":{"line":259,"column":32}},"259":{"start":{"line":260,"column":0},"end":{"line":260,"column":4}},"273":{"start":{"line":274,"column":0},"end":{"line":274,"column":88}},"274":{"start":{"line":275,"column":0},"end":{"line":275,"column":29}},"275":{"start":{"line":276,"column":0},"end":{"line":276,"column":26}},"276":{"start":{"line":277,"column":0},"end":{"line":277,"column":52}},"277":{"start":{"line":278,"column":0},"end":{"line":278,"column":13}},"278":{"start":{"line":279,"column":0},"end":{"line":279,"column":29}},"279":{"start":{"line":280,"column":0},"end":{"line":280,"column":30}},"280":{"start":{"line":281,"column":0},"end":{"line":281,"column":48}},"281":{"start":{"line":282,"column":0},"end":{"line":282,"column":46}},"282":{"start":{"line":283,"column":0},"end":{"line":283,"column":48}},"283":{"start":{"line":284,"column":0},"end":{"line":284,"column":30}},"284":{"start":{"line":285,"column":0},"end":{"line":285,"column":30}},"285":{"start":{"line":286,"column":0},"end":{"line":286,"column":6}},"287":{"start":{"line":288,"column":0},"end":{"line":288,"column":105}},"288":{"start":{"line":289,"column":0},"end":{"line":289,"column":19}},"289":{"start":{"line":290,"column":0},"end":{"line":290,"column":99}},"291":{"start":{"line":292,"column":0},"end":{"line":292,"column":7}},"292":{"start":{"line":293,"column":0},"end":{"line":293,"column":5}},"294":{"start":{"line":295,"column":0},"end":{"line":295,"column":9}},"295":{"start":{"line":296,"column":0},"end":{"line":296,"column":56}},"296":{"start":{"line":297,"column":0},"end":{"line":297,"column":66}},"298":{"start":{"line":299,"column":0},"end":{"line":299,"column":87}},"299":{"start":{"line":300,"column":0},"end":{"line":300,"column":61}},"301":{"start":{"line":302,"column":0},"end":{"line":302,"column":77}},"302":{"start":{"line":303,"column":0},"end":{"line":303,"column":57}},"304":{"start":{"line":305,"column":0},"end":{"line":305,"column":25}},"305":{"start":{"line":306,"column":0},"end":{"line":306,"column":28}},"306":{"start":{"line":307,"column":0},"end":{"line":307,"column":21}},"307":{"start":{"line":308,"column":0},"end":{"line":308,"column":24}},"308":{"start":{"line":309,"column":0},"end":{"line":309,"column":28}},"309":{"start":{"line":310,"column":0},"end":{"line":310,"column":89}},"310":{"start":{"line":311,"column":0},"end":{"line":311,"column":8}},"311":{"start":{"line":312,"column":0},"end":{"line":312,"column":5}},"312":{"start":{"line":313,"column":0},"end":{"line":313,"column":4}},"323":{"start":{"line":324,"column":0},"end":{"line":324,"column":42}},"324":{"start":{"line":325,"column":0},"end":{"line":325,"column":92}},"325":{"start":{"line":326,"column":0},"end":{"line":326,"column":4}},"337":{"start":{"line":338,"column":0},"end":{"line":338,"column":93}},"338":{"start":{"line":339,"column":0},"end":{"line":339,"column":44}},"339":{"start":{"line":340,"column":0},"end":{"line":340,"column":75}},"341":{"start":{"line":342,"column":0},"end":{"line":342,"column":26}},"342":{"start":{"line":343,"column":0},"end":{"line":343,"column":9}},"343":{"start":{"line":344,"column":0},"end":{"line":344,"column":59}},"344":{"start":{"line":345,"column":0},"end":{"line":345,"column":23}},"345":{"start":{"line":346,"column":0},"end":{"line":346,"column":56}},"346":{"start":{"line":347,"column":0},"end":{"line":347,"column":30}},"347":{"start":{"line":348,"column":0},"end":{"line":348,"column":26}},"348":{"start":{"line":349,"column":0},"end":{"line":349,"column":36}},"349":{"start":{"line":350,"column":0},"end":{"line":350,"column":11}},"350":{"start":{"line":351,"column":0},"end":{"line":351,"column":34}},"351":{"start":{"line":352,"column":0},"end":{"line":352,"column":8}},"352":{"start":{"line":353,"column":0},"end":{"line":353,"column":21}},"353":{"start":{"line":354,"column":0},"end":{"line":354,"column":73}},"354":{"start":{"line":355,"column":0},"end":{"line":355,"column":59}},"355":{"start":{"line":356,"column":0},"end":{"line":356,"column":7}},"356":{"start":{"line":357,"column":0},"end":{"line":357,"column":17}},"357":{"start":{"line":358,"column":0},"end":{"line":358,"column":15}},"358":{"start":{"line":359,"column":0},"end":{"line":359,"column":29}},"359":{"start":{"line":360,"column":0},"end":{"line":360,"column":5}},"361":{"start":{"line":362,"column":0},"end":{"line":362,"column":65}},"363":{"start":{"line":364,"column":0},"end":{"line":364,"column":50}},"364":{"start":{"line":365,"column":0},"end":{"line":365,"column":22}},"365":{"start":{"line":366,"column":0},"end":{"line":366,"column":100}},"366":{"start":{"line":367,"column":0},"end":{"line":367,"column":7}},"367":{"start":{"line":368,"column":0},"end":{"line":368,"column":5}},"369":{"start":{"line":370,"column":0},"end":{"line":370,"column":38}},"370":{"start":{"line":371,"column":0},"end":{"line":371,"column":4}},"385":{"start":{"line":386,"column":0},"end":{"line":386,"column":98}},"386":{"start":{"line":387,"column":0},"end":{"line":387,"column":43}},"387":{"start":{"line":388,"column":0},"end":{"line":388,"column":32}},"388":{"start":{"line":389,"column":0},"end":{"line":389,"column":60}},"389":{"start":{"line":390,"column":0},"end":{"line":390,"column":28}},"390":{"start":{"line":391,"column":0},"end":{"line":391,"column":17}},"391":{"start":{"line":392,"column":0},"end":{"line":392,"column":38}},"392":{"start":{"line":393,"column":0},"end":{"line":393,"column":39}},"393":{"start":{"line":394,"column":0},"end":{"line":394,"column":48}},"394":{"start":{"line":395,"column":0},"end":{"line":395,"column":46}},"395":{"start":{"line":396,"column":0},"end":{"line":396,"column":37}},"396":{"start":{"line":397,"column":0},"end":{"line":397,"column":35}},"397":{"start":{"line":398,"column":0},"end":{"line":398,"column":35}},"398":{"start":{"line":399,"column":0},"end":{"line":399,"column":40}},"399":{"start":{"line":400,"column":0},"end":{"line":400,"column":24}},"400":{"start":{"line":401,"column":0},"end":{"line":401,"column":5}},"402":{"start":{"line":403,"column":0},"end":{"line":403,"column":72}},"403":{"start":{"line":404,"column":0},"end":{"line":404,"column":85}},"405":{"start":{"line":406,"column":0},"end":{"line":406,"column":44}},"406":{"start":{"line":407,"column":0},"end":{"line":407,"column":75}},"408":{"start":{"line":409,"column":0},"end":{"line":409,"column":26}},"409":{"start":{"line":410,"column":0},"end":{"line":410,"column":9}},"410":{"start":{"line":411,"column":0},"end":{"line":411,"column":55}},"411":{"start":{"line":412,"column":0},"end":{"line":412,"column":23}},"412":{"start":{"line":413,"column":0},"end":{"line":413,"column":18}},"413":{"start":{"line":414,"column":0},"end":{"line":414,"column":45}},"414":{"start":{"line":415,"column":0},"end":{"line":415,"column":43}},"415":{"start":{"line":416,"column":0},"end":{"line":416,"column":10}},"416":{"start":{"line":417,"column":0},"end":{"line":417,"column":35}},"417":{"start":{"line":418,"column":0},"end":{"line":418,"column":34}},"418":{"start":{"line":419,"column":0},"end":{"line":419,"column":8}},"419":{"start":{"line":420,"column":0},"end":{"line":420,"column":21}},"420":{"start":{"line":421,"column":0},"end":{"line":421,"column":73}},"421":{"start":{"line":422,"column":0},"end":{"line":422,"column":67}},"422":{"start":{"line":423,"column":0},"end":{"line":423,"column":7}},"423":{"start":{"line":424,"column":0},"end":{"line":424,"column":17}},"424":{"start":{"line":425,"column":0},"end":{"line":425,"column":15}},"425":{"start":{"line":426,"column":0},"end":{"line":426,"column":29}},"426":{"start":{"line":427,"column":0},"end":{"line":427,"column":5}},"428":{"start":{"line":429,"column":0},"end":{"line":429,"column":65}},"430":{"start":{"line":431,"column":0},"end":{"line":431,"column":51}},"431":{"start":{"line":432,"column":0},"end":{"line":432,"column":22}},"432":{"start":{"line":433,"column":0},"end":{"line":433,"column":99}},"433":{"start":{"line":434,"column":0},"end":{"line":434,"column":7}},"434":{"start":{"line":435,"column":0},"end":{"line":435,"column":5}},"436":{"start":{"line":437,"column":0},"end":{"line":437,"column":27}},"437":{"start":{"line":438,"column":0},"end":{"line":438,"column":39}},"438":{"start":{"line":439,"column":0},"end":{"line":439,"column":5}},"440":{"start":{"line":441,"column":0},"end":{"line":441,"column":72}},"441":{"start":{"line":442,"column":0},"end":{"line":442,"column":4}},"442":{"start":{"line":443,"column":0},"end":{"line":443,"column":1}},"445":{"start":{"line":446,"column":0},"end":{"line":446,"column":36}},"446":{"start":{"line":447,"column":0},"end":{"line":447,"column":84}},"447":{"start":{"line":448,"column":0},"end":{"line":448,"column":1}}},"s":{"0":1,"10":1,"11":1,"12":1,"27":1,"29":1,"31":1,"33":1,"35":1,"75":1,"77":1,"80":1,"113":1,"114":0,"115":0,"116":0,"117":0,"118":0,"126":1,"127":0,"128":0,"129":0,"130":0,"131":0,"146":1,"147":0,"148":0,"149":0,"150":0,"151":0,"196":1,"197":25,"199":25,"200":25,"202":25,"203":13,"204":25,"205":10,"206":12,"207":2,"208":2,"209":2,"210":2,"211":25,"222":1,"223":55,"224":55,"225":55,"237":1,"238":13,"239":3,"240":3,"242":10,"243":10,"245":10,"246":10,"247":10,"248":10,"249":10,"250":10,"251":10,"252":10,"253":10,"254":10,"255":10,"256":10,"258":10,"259":13,"273":1,"274":10,"275":10,"276":10,"277":10,"278":10,"279":10,"280":10,"281":10,"282":10,"283":10,"284":10,"285":10,"287":10,"288":1,"289":1,"291":1,"292":1,"294":10,"295":10,"296":10,"298":10,"299":7,"301":7,"302":5,"304":5,"305":5,"306":5,"307":5,"308":5,"309":5,"310":5,"311":5,"312":10,"323":1,"324":12,"325":12,"337":1,"338":10,"339":10,"341":10,"342":10,"343":10,"344":10,"345":10,"346":10,"347":10,"348":10,"349":10,"350":10,"351":10,"352":10,"353":2,"354":1,"355":1,"356":1,"357":10,"358":10,"359":10,"361":8,"363":10,"364":1,"365":1,"366":1,"367":1,"369":7,"370":10,"385":1,"386":7,"387":7,"388":7,"389":7,"390":7,"391":7,"392":7,"393":7,"394":7,"395":7,"396":7,"397":7,"398":7,"399":7,"400":7,"402":7,"403":7,"405":7,"406":7,"408":7,"409":7,"410":7,"411":7,"412":7,"413":7,"414":7,"415":7,"416":7,"417":7,"418":7,"419":7,"420":1,"421":1,"422":1,"423":0,"424":7,"425":7,"426":7,"428":6,"430":7,"431":1,"432":1,"433":1,"434":1,"436":7,"437":4,"438":4,"440":1,"441":7,"442":1,"445":1,"446":1,"447":1},"branchMap":{"0":{"type":"branch","line":197,"loc":{"start":{"line":197,"column":2},"end":{"line":212,"column":4}},"locations":[{"start":{"line":197,"column":2},"end":{"line":212,"column":4}}]},"1":{"type":"branch","line":200,"loc":{"start":{"line":200,"column":37},"end":{"line":200,"column":51}},"locations":[{"start":{"line":200,"column":37},"end":{"line":200,"column":51}}]},"2":{"type":"branch","line":201,"loc":{"start":{"line":201,"column":81},"end":{"line":201,"column":97}},"locations":[{"start":{"line":201,"column":81},"end":{"line":201,"column":97}}]},"3":{"type":"branch","line":201,"loc":{"start":{"line":201,"column":85},"end":{"line":201,"column":106}},"locations":[{"start":{"line":201,"column":85},"end":{"line":201,"column":106}}]},"4":{"type":"branch","line":203,"loc":{"start":{"line":203,"column":33},"end":{"line":205,"column":15}},"locations":[{"start":{"line":203,"column":33},"end":{"line":205,"column":15}}]},"5":{"type":"branch","line":205,"loc":{"start":{"line":205,"column":4},"end":{"line":211,"column":5}},"locations":[{"start":{"line":205,"column":4},"end":{"line":211,"column":5}}]},"6":{"type":"branch","line":205,"loc":{"start":{"line":205,"column":39},"end":{"line":207,"column":11}},"locations":[{"start":{"line":205,"column":39},"end":{"line":207,"column":11}}]},"7":{"type":"branch","line":207,"loc":{"start":{"line":207,"column":4},"end":{"line":211,"column":5}},"locations":[{"start":{"line":207,"column":4},"end":{"line":211,"column":5}}]},"8":{"type":"branch","line":223,"loc":{"start":{"line":223,"column":2},"end":{"line":226,"column":4}},"locations":[{"start":{"line":223,"column":2},"end":{"line":226,"column":4}}]},"9":{"type":"branch","line":224,"loc":{"start":{"line":224,"column":9},"end":{"line":224,"column":23}},"locations":[{"start":{"line":224,"column":9},"end":{"line":224,"column":23}}]},"10":{"type":"branch","line":238,"loc":{"start":{"line":238,"column":2},"end":{"line":260,"column":4}},"locations":[{"start":{"line":238,"column":2},"end":{"line":260,"column":4}}]},"11":{"type":"branch","line":239,"loc":{"start":{"line":239,"column":62},"end":{"line":241,"column":5}},"locations":[{"start":{"line":239,"column":62},"end":{"line":241,"column":5}}]},"12":{"type":"branch","line":241,"loc":{"start":{"line":241,"column":4},"end":{"line":259,"column":32}},"locations":[{"start":{"line":241,"column":4},"end":{"line":259,"column":32}}]},"13":{"type":"branch","line":274,"loc":{"start":{"line":274,"column":2},"end":{"line":313,"column":4}},"locations":[{"start":{"line":274,"column":2},"end":{"line":313,"column":4}}]},"14":{"type":"branch","line":288,"loc":{"start":{"line":288,"column":104},"end":{"line":293,"column":5}},"locations":[{"start":{"line":288,"column":104},"end":{"line":293,"column":5}}]},"15":{"type":"branch","line":299,"loc":{"start":{"line":299,"column":86},"end":{"line":302,"column":77}},"locations":[{"start":{"line":299,"column":86},"end":{"line":302,"column":77}}]},"16":{"type":"branch","line":302,"loc":{"start":{"line":302,"column":76},"end":{"line":312,"column":5}},"locations":[{"start":{"line":302,"column":76},"end":{"line":312,"column":5}}]},"17":{"type":"branch","line":310,"loc":{"start":{"line":310,"column":48},"end":{"line":310,"column":89}},"locations":[{"start":{"line":310,"column":48},"end":{"line":310,"column":89}}]},"18":{"type":"branch","line":324,"loc":{"start":{"line":324,"column":2},"end":{"line":326,"column":4}},"locations":[{"start":{"line":324,"column":2},"end":{"line":326,"column":4}}]},"19":{"type":"branch","line":325,"loc":{"start":{"line":325,"column":48},"end":{"line":325,"column":75}},"locations":[{"start":{"line":325,"column":48},"end":{"line":325,"column":75}}]},"20":{"type":"branch","line":325,"loc":{"start":{"line":325,"column":52},"end":{"line":325,"column":92}},"locations":[{"start":{"line":325,"column":52},"end":{"line":325,"column":92}}]},"21":{"type":"branch","line":338,"loc":{"start":{"line":338,"column":2},"end":{"line":371,"column":4}},"locations":[{"start":{"line":338,"column":2},"end":{"line":371,"column":4}}]},"22":{"type":"branch","line":352,"loc":{"start":{"line":352,"column":7},"end":{"line":353,"column":13}},"locations":[{"start":{"line":352,"column":7},"end":{"line":353,"column":13}}]},"23":{"type":"branch","line":353,"loc":{"start":{"line":353,"column":4},"end":{"line":358,"column":6}},"locations":[{"start":{"line":353,"column":4},"end":{"line":358,"column":6}}]},"24":{"type":"branch","line":354,"loc":{"start":{"line":354,"column":27},"end":{"line":354,"column":72}},"locations":[{"start":{"line":354,"column":27},"end":{"line":354,"column":72}}]},"25":{"type":"branch","line":354,"loc":{"start":{"line":354,"column":72},"end":{"line":358,"column":6}},"locations":[{"start":{"line":354,"column":72},"end":{"line":358,"column":6}}]},"26":{"type":"branch","line":358,"loc":{"start":{"line":358,"column":4},"end":{"line":358,"column":6}},"locations":[{"start":{"line":358,"column":4},"end":{"line":358,"column":6}}]},"27":{"type":"branch","line":360,"loc":{"start":{"line":360,"column":4},"end":{"line":364,"column":29}},"locations":[{"start":{"line":360,"column":4},"end":{"line":364,"column":29}}]},"28":{"type":"branch","line":364,"loc":{"start":{"line":364,"column":22},"end":{"line":364,"column":49}},"locations":[{"start":{"line":364,"column":22},"end":{"line":364,"column":49}}]},"29":{"type":"branch","line":364,"loc":{"start":{"line":364,"column":49},"end":{"line":368,"column":5}},"locations":[{"start":{"line":364,"column":49},"end":{"line":368,"column":5}}]},"30":{"type":"branch","line":366,"loc":{"start":{"line":366,"column":14},"end":{"line":366,"column":100}},"locations":[{"start":{"line":366,"column":14},"end":{"line":366,"column":100}}]},"31":{"type":"branch","line":368,"loc":{"start":{"line":368,"column":4},"end":{"line":370,"column":38}},"locations":[{"start":{"line":368,"column":4},"end":{"line":370,"column":38}}]},"32":{"type":"branch","line":386,"loc":{"start":{"line":386,"column":2},"end":{"line":442,"column":4}},"locations":[{"start":{"line":386,"column":2},"end":{"line":442,"column":4}}]},"33":{"type":"branch","line":403,"loc":{"start":{"line":403,"column":30},"end":{"line":403,"column":72}},"locations":[{"start":{"line":403,"column":30},"end":{"line":403,"column":72}}]},"34":{"type":"branch","line":404,"loc":{"start":{"line":404,"column":34},"end":{"line":404,"column":85}},"locations":[{"start":{"line":404,"column":34},"end":{"line":404,"column":85}}]},"35":{"type":"branch","line":419,"loc":{"start":{"line":419,"column":7},"end":{"line":420,"column":13}},"locations":[{"start":{"line":419,"column":7},"end":{"line":420,"column":13}}]},"36":{"type":"branch","line":420,"loc":{"start":{"line":420,"column":4},"end":{"line":425,"column":6}},"locations":[{"start":{"line":420,"column":4},"end":{"line":425,"column":6}}]},"37":{"type":"branch","line":423,"loc":{"start":{"line":423,"column":6},"end":{"line":425,"column":6}},"locations":[{"start":{"line":423,"column":6},"end":{"line":425,"column":6}}]},"38":{"type":"branch","line":425,"loc":{"start":{"line":425,"column":4},"end":{"line":425,"column":6}},"locations":[{"start":{"line":425,"column":4},"end":{"line":425,"column":6}}]},"39":{"type":"branch","line":427,"loc":{"start":{"line":427,"column":4},"end":{"line":431,"column":29}},"locations":[{"start":{"line":427,"column":4},"end":{"line":431,"column":29}}]},"40":{"type":"branch","line":431,"loc":{"start":{"line":431,"column":14},"end":{"line":431,"column":50}},"locations":[{"start":{"line":431,"column":14},"end":{"line":431,"column":50}}]},"41":{"type":"branch","line":431,"loc":{"start":{"line":431,"column":50},"end":{"line":435,"column":5}},"locations":[{"start":{"line":431,"column":50},"end":{"line":435,"column":5}}]},"42":{"type":"branch","line":433,"loc":{"start":{"line":433,"column":14},"end":{"line":433,"column":67}},"locations":[{"start":{"line":433,"column":14},"end":{"line":433,"column":67}}]},"43":{"type":"branch","line":433,"loc":{"start":{"line":433,"column":46},"end":{"line":433,"column":99}},"locations":[{"start":{"line":433,"column":46},"end":{"line":433,"column":99}}]},"44":{"type":"branch","line":435,"loc":{"start":{"line":435,"column":4},"end":{"line":437,"column":26}},"locations":[{"start":{"line":435,"column":4},"end":{"line":437,"column":26}}]},"45":{"type":"branch","line":437,"loc":{"start":{"line":437,"column":26},"end":{"line":439,"column":5}},"locations":[{"start":{"line":437,"column":26},"end":{"line":439,"column":5}}]},"46":{"type":"branch","line":439,"loc":{"start":{"line":439,"column":4},"end":{"line":441,"column":72}},"locations":[{"start":{"line":439,"column":4},"end":{"line":441,"column":72}}]}},"b":{"0":[25],"1":[23],"2":[13],"3":[12],"4":[13],"5":[12],"6":[10],"7":[2],"8":[55],"9":[15],"10":[13],"11":[3],"12":[10],"13":[10],"14":[1],"15":[7],"16":[5],"17":[0],"18":[12],"19":[11],"20":[1],"21":[10],"22":[8],"23":[2],"24":[1],"25":[1],"26":[8],"27":[8],"28":[7],"29":[1],"30":[0],"31":[7],"32":[7],"33":[1],"34":[1],"35":[6],"36":[1],"37":[0],"38":[6],"39":[6],"40":[2],"41":[1],"42":[0],"43":[0],"44":[5],"45":[4],"46":[1]},"fnMap":{"0":{"name":"on","decl":{"start":{"line":114,"column":2},"end":{"line":119,"column":4}},"loc":{"start":{"line":114,"column":2},"end":{"line":119,"column":4}},"line":114},"1":{"name":"off","decl":{"start":{"line":127,"column":2},"end":{"line":132,"column":4}},"loc":{"start":{"line":127,"column":2},"end":{"line":132,"column":4}},"line":127},"2":{"name":"once","decl":{"start":{"line":147,"column":2},"end":{"line":152,"column":4}},"loc":{"start":{"line":147,"column":2},"end":{"line":152,"column":4}},"line":147},"3":{"name":"open","decl":{"start":{"line":197,"column":2},"end":{"line":212,"column":4}},"loc":{"start":{"line":197,"column":2},"end":{"line":212,"column":4}},"line":197},"4":{"name":"close","decl":{"start":{"line":223,"column":2},"end":{"line":226,"column":4}},"loc":{"start":{"line":223,"column":2},"end":{"line":226,"column":4}},"line":223},"5":{"name":"openWithToken","decl":{"start":{"line":238,"column":2},"end":{"line":260,"column":4}},"loc":{"start":{"line":238,"column":2},"end":{"line":260,"column":4}},"line":238},"6":{"name":"openDirect","decl":{"start":{"line":274,"column":2},"end":{"line":313,"column":4}},"loc":{"start":{"line":274,"column":2},"end":{"line":313,"column":4}},"line":274},"7":{"name":"resolveBaseUrl","decl":{"start":{"line":324,"column":2},"end":{"line":326,"column":4}},"loc":{"start":{"line":324,"column":2},"end":{"line":326,"column":4}},"line":324},"8":{"name":"authenticate","decl":{"start":{"line":338,"column":2},"end":{"line":371,"column":4}},"loc":{"start":{"line":338,"column":2},"end":{"line":371,"column":4}},"line":338},"9":{"name":"initializePayment","decl":{"start":{"line":386,"column":2},"end":{"line":442,"column":4}},"loc":{"start":{"line":386,"column":2},"end":{"line":442,"column":4}},"line":386}},"f":{"0":0,"1":0,"2":0,"3":25,"4":55,"5":13,"6":10,"7":12,"8":10,"9":7}}
,"/Users/azinakou/Documents/Workspace/CinetPay/Lab/Aurore/seamlessIntegration/src/logger.ts": {"path":"/Users/azinakou/Documents/Workspace/CinetPay/Lab/Aurore/seamlessIntegration/src/logger.ts","all":false,"statementMap":{"1":{"start":{"line":2,"column":0},"end":{"line":2,"column":36}},"10":{"start":{"line":11,"column":0},"end":{"line":11,"column":21}},"13":{"start":{"line":14,"column":0},"end":{"line":14,"column":33}},"14":{"start":{"line":15,"column":0},"end":{"line":15,"column":26}},"15":{"start":{"line":16,"column":0},"end":{"line":16,"column":3}},"18":{"start":{"line":19,"column":0},"end":{"line":19,"column":48}},"19":{"start":{"line":20,"column":0},"end":{"line":20,"column":29}},"20":{"start":{"line":21,"column":0},"end":{"line":21,"column":29}},"21":{"start":{"line":22,"column":0},"end":{"line":22,"column":49}},"22":{"start":{"line":23,"column":0},"end":{"line":23,"column":12}},"23":{"start":{"line":24,"column":0},"end":{"line":24,"column":43}},"24":{"start":{"line":25,"column":0},"end":{"line":25,"column":5}},"25":{"start":{"line":26,"column":0},"end":{"line":26,"column":3}},"28":{"start":{"line":29,"column":0},"end":{"line":29,"column":47}},"29":{"start":{"line":30,"column":0},"end":{"line":30,"column":29}},"30":{"start":{"line":31,"column":0},"end":{"line":31,"column":29}},"31":{"start":{"line":32,"column":0},"end":{"line":32,"column":48}},"32":{"start":{"line":33,"column":0},"end":{"line":33,"column":12}},"33":{"start":{"line":34,"column":0},"end":{"line":34,"column":42}},"34":{"start":{"line":35,"column":0},"end":{"line":35,"column":5}},"35":{"start":{"line":36,"column":0},"end":{"line":36,"column":3}},"38":{"start":{"line":39,"column":0},"end":{"line":39,"column":48}},"39":{"start":{"line":40,"column":0},"end":{"line":40,"column":29}},"40":{"start":{"line":41,"column":0},"end":{"line":41,"column":29}},"41":{"start":{"line":42,"column":0},"end":{"line":42,"column":49}},"42":{"start":{"line":43,"column":0},"end":{"line":43,"column":12}},"43":{"start":{"line":44,"column":0},"end":{"line":44,"column":43}},"44":{"start":{"line":45,"column":0},"end":{"line":45,"column":5}},"45":{"start":{"line":46,"column":0},"end":{"line":46,"column":3}},"46":{"start":{"line":47,"column":0},"end":{"line":47,"column":1}}},"s":{"1":1,"10":1,"13":1,"14":35,"15":35,"18":1,"19":853,"20":94,"21":3,"22":92,"23":2,"24":2,"25":853,"28":1,"29":186,"30":3,"31":1,"32":1,"33":1,"34":1,"35":186,"38":1,"39":26,"40":3,"41":1,"42":1,"43":1,"44":1,"45":26,"46":1},"branchMap":{"0":{"type":"branch","line":14,"loc":{"start":{"line":14,"column":2},"end":{"line":16,"column":3}},"locations":[{"start":{"line":14,"column":2},"end":{"line":16,"column":3}}]},"1":{"type":"branch","line":19,"loc":{"start":{"line":19,"column":2},"end":{"line":26,"column":3}},"locations":[{"start":{"line":19,"column":2},"end":{"line":26,"column":3}}]},"2":{"type":"branch","line":20,"loc":{"start":{"line":20,"column":23},"end":{"line":20,"column":29}},"locations":[{"start":{"line":20,"column":23},"end":{"line":20,"column":29}}]},"3":{"type":"branch","line":20,"loc":{"start":{"line":20,"column":23},"end":{"line":25,"column":5}},"locations":[{"start":{"line":20,"column":23},"end":{"line":25,"column":5}}]},"4":{"type":"branch","line":20,"loc":{"start":{"line":20,"column":23},"end":{"line":21,"column":28}},"locations":[{"start":{"line":20,"column":23},"end":{"line":21,"column":28}}]},"5":{"type":"branch","line":21,"loc":{"start":{"line":21,"column":28},"end":{"line":25,"column":5}},"locations":[{"start":{"line":21,"column":28},"end":{"line":25,"column":5}}]},"6":{"type":"branch","line":21,"loc":{"start":{"line":21,"column":28},"end":{"line":23,"column":11}},"locations":[{"start":{"line":21,"column":28},"end":{"line":23,"column":11}}]},"7":{"type":"branch","line":23,"loc":{"start":{"line":23,"column":4},"end":{"line":25,"column":5}},"locations":[{"start":{"line":23,"column":4},"end":{"line":25,"column":5}}]},"8":{"type":"branch","line":29,"loc":{"start":{"line":29,"column":2},"end":{"line":36,"column":3}},"locations":[{"start":{"line":29,"column":2},"end":{"line":36,"column":3}}]},"9":{"type":"branch","line":30,"loc":{"start":{"line":30,"column":23},"end":{"line":30,"column":29}},"locations":[{"start":{"line":30,"column":23},"end":{"line":30,"column":29}}]},"10":{"type":"branch","line":30,"loc":{"start":{"line":30,"column":23},"end":{"line":35,"column":5}},"locations":[{"start":{"line":30,"column":23},"end":{"line":35,"column":5}}]},"11":{"type":"branch","line":30,"loc":{"start":{"line":30,"column":23},"end":{"line":31,"column":28}},"locations":[{"start":{"line":30,"column":23},"end":{"line":31,"column":28}}]},"12":{"type":"branch","line":31,"loc":{"start":{"line":31,"column":28},"end":{"line":35,"column":5}},"locations":[{"start":{"line":31,"column":28},"end":{"line":35,"column":5}}]},"13":{"type":"branch","line":39,"loc":{"start":{"line":39,"column":2},"end":{"line":46,"column":3}},"locations":[{"start":{"line":39,"column":2},"end":{"line":46,"column":3}}]},"14":{"type":"branch","line":40,"loc":{"start":{"line":40,"column":23},"end":{"line":40,"column":29}},"locations":[{"start":{"line":40,"column":23},"end":{"line":40,"column":29}}]},"15":{"type":"branch","line":40,"loc":{"start":{"line":40,"column":23},"end":{"line":45,"column":5}},"locations":[{"start":{"line":40,"column":23},"end":{"line":45,"column":5}}]},"16":{"type":"branch","line":40,"loc":{"start":{"line":40,"column":23},"end":{"line":41,"column":28}},"locations":[{"start":{"line":40,"column":23},"end":{"line":41,"column":28}}]},"17":{"type":"branch","line":41,"loc":{"start":{"line":41,"column":28},"end":{"line":45,"column":5}},"locations":[{"start":{"line":41,"column":28},"end":{"line":45,"column":5}}]}},"b":{"0":[35],"1":[853],"2":[848],"3":[94],"4":[5],"5":[92],"6":[3],"7":[2],"8":[186],"9":[184],"10":[3],"11":[2],"12":[1],"13":[26],"14":[24],"15":[3],"16":[2],"17":[1]},"fnMap":{"0":{"name":"Logger","decl":{"start":{"line":14,"column":2},"end":{"line":16,"column":3}},"loc":{"start":{"line":14,"column":2},"end":{"line":16,"column":3}},"line":14},"1":{"name":"debug","decl":{"start":{"line":19,"column":2},"end":{"line":26,"column":3}},"loc":{"start":{"line":19,"column":2},"end":{"line":26,"column":3}},"line":19},"2":{"name":"warn","decl":{"start":{"line":29,"column":2},"end":{"line":36,"column":3}},"loc":{"start":{"line":29,"column":2},"end":{"line":36,"column":3}},"line":29},"3":{"name":"error","decl":{"start":{"line":39,"column":2},"end":{"line":46,"column":3}},"loc":{"start":{"line":39,"column":2},"end":{"line":46,"column":3}},"line":39}},"f":{"0":35,"1":853,"2":186,"3":26}}
,"/Users/azinakou/Documents/Workspace/CinetPay/Lab/Aurore/seamlessIntegration/src/modal.ts": {"path":"/Users/azinakou/Documents/Workspace/CinetPay/Lab/Aurore/seamlessIntegration/src/modal.ts","all":false,"statementMap":{"0":{"start":{"line":1,"column":0},"end":{"line":1,"column":33}},"6":{"start":{"line":7,"column":0},"end":{"line":7,"column":49}},"35":{"start":{"line":36,"column":0},"end":{"line":36,"column":20}},"37":{"start":{"line":38,"column":0},"end":{"line":38,"column":47}},"39":{"start":{"line":40,"column":0},"end":{"line":40,"column":49}},"41":{"start":{"line":42,"column":0},"end":{"line":42,"column":49}},"54":{"start":{"line":55,"column":0},"end":{"line":55,"column":32}},"56":{"start":{"line":57,"column":0},"end":{"line":57,"column":71}},"67":{"start":{"line":68,"column":0},"end":{"line":68,"column":38}},"68":{"start":{"line":69,"column":0},"end":{"line":69,"column":41}},"69":{"start":{"line":70,"column":0},"end":{"line":70,"column":64}},"70":{"start":{"line":71,"column":0},"end":{"line":71,"column":32}},"71":{"start":{"line":72,"column":0},"end":{"line":72,"column":34}},"72":{"start":{"line":73,"column":0},"end":{"line":73,"column":42}},"73":{"start":{"line":74,"column":0},"end":{"line":74,"column":60}},"74":{"start":{"line":75,"column":0},"end":{"line":75,"column":58}},"75":{"start":{"line":76,"column":0},"end":{"line":76,"column":60}},"76":{"start":{"line":77,"column":0},"end":{"line":77,"column":42}},"77":{"start":{"line":78,"column":0},"end":{"line":78,"column":42}},"78":{"start":{"line":79,"column":0},"end":{"line":79,"column":3}},"85":{"start":{"line":86,"column":0},"end":{"line":86,"column":34}},"86":{"start":{"line":87,"column":0},"end":{"line":87,"column":54}},"87":{"start":{"line":88,"column":0},"end":{"line":88,"column":23}},"88":{"start":{"line":89,"column":0},"end":{"line":89,"column":24}},"89":{"start":{"line":90,"column":0},"end":{"line":90,"column":32}},"90":{"start":{"line":91,"column":0},"end":{"line":91,"column":28}},"92":{"start":{"line":93,"column":0},"end":{"line":93,"column":33}},"93":{"start":{"line":94,"column":0},"end":{"line":94,"column":47}},"94":{"start":{"line":95,"column":0},"end":{"line":95,"column":6}},"96":{"start":{"line":97,"column":0},"end":{"line":97,"column":43}},"97":{"start":{"line":98,"column":0},"end":{"line":98,"column":3}},"104":{"start":{"line":105,"column":0},"end":{"line":105,"column":17}},"105":{"start":{"line":106,"column":0},"end":{"line":106,"column":29}},"107":{"start":{"line":108,"column":0},"end":{"line":108,"column":47}},"109":{"start":{"line":110,"column":0},"end":{"line":110,"column":22}},"110":{"start":{"line":111,"column":0},"end":{"line":111,"column":28}},"111":{"start":{"line":112,"column":0},"end":{"line":112,"column":25}},"112":{"start":{"line":113,"column":0},"end":{"line":113,"column":24}},"113":{"start":{"line":114,"column":0},"end":{"line":114,"column":39}},"115":{"start":{"line":116,"column":0},"end":{"line":116,"column":32}},"116":{"start":{"line":117,"column":0},"end":{"line":117,"column":66}},"117":{"start":{"line":118,"column":0},"end":{"line":118,"column":34}},"118":{"start":{"line":119,"column":0},"end":{"line":119,"column":7}},"120":{"start":{"line":121,"column":0},"end":{"line":121,"column":72}},"121":{"start":{"line":122,"column":0},"end":{"line":122,"column":61}},"122":{"start":{"line":123,"column":0},"end":{"line":123,"column":57}},"123":{"start":{"line":124,"column":0},"end":{"line":124,"column":11}},"124":{"start":{"line":125,"column":0},"end":{"line":125,"column":3}},"131":{"start":{"line":132,"column":0},"end":{"line":132,"column":61}},"132":{"start":{"line":133,"column":0},"end":{"line":133,"column":37}},"134":{"start":{"line":135,"column":0},"end":{"line":135,"column":63}},"135":{"start":{"line":136,"column":0},"end":{"line":136,"column":30}},"136":{"start":{"line":137,"column":0},"end":{"line":137,"column":34}},"137":{"start":{"line":138,"column":0},"end":{"line":138,"column":44}},"138":{"start":{"line":139,"column":0},"end":{"line":139,"column":44}},"139":{"start":{"line":140,"column":0},"end":{"line":140,"column":6}},"141":{"start":{"line":142,"column":0},"end":{"line":142,"column":30}},"142":{"start":{"line":143,"column":0},"end":{"line":143,"column":22}},"143":{"start":{"line":144,"column":0},"end":{"line":144,"column":45}},"144":{"start":{"line":145,"column":0},"end":{"line":145,"column":54}},"145":{"start":{"line":146,"column":0},"end":{"line":146,"column":49}},"146":{"start":{"line":147,"column":0},"end":{"line":147,"column":13}},"147":{"start":{"line":148,"column":0},"end":{"line":148,"column":21}},"148":{"start":{"line":149,"column":0},"end":{"line":149,"column":43}},"149":{"start":{"line":150,"column":0},"end":{"line":150,"column":53}},"150":{"start":{"line":151,"column":0},"end":{"line":151,"column":48}},"151":{"start":{"line":152,"column":0},"end":{"line":152,"column":13}},"152":{"start":{"line":153,"column":0},"end":{"line":153,"column":21}},"153":{"start":{"line":154,"column":0},"end":{"line":154,"column":23}},"154":{"start":{"line":155,"column":0},"end":{"line":155,"column":21}},"155":{"start":{"line":156,"column":0},"end":{"line":156,"column":14}},"156":{"start":{"line":157,"column":0},"end":{"line":157,"column":64}},"157":{"start":{"line":158,"column":0},"end":{"line":158,"column":54}},"158":{"start":{"line":159,"column":0},"end":{"line":159,"column":49}},"159":{"start":{"line":160,"column":0},"end":{"line":160,"column":13}},"160":{"start":{"line":161,"column":0},"end":{"line":161,"column":5}},"162":{"start":{"line":163,"column":0},"end":{"line":163,"column":103}},"163":{"start":{"line":164,"column":0},"end":{"line":164,"column":31}},"164":{"start":{"line":165,"column":0},"end":{"line":165,"column":5}},"165":{"start":{"line":166,"column":0},"end":{"line":166,"column":3}},"172":{"start":{"line":173,"column":0},"end":{"line":173,"column":55}},"173":{"start":{"line":174,"column":0},"end":{"line":174,"column":71}},"174":{"start":{"line":175,"column":0},"end":{"line":175,"column":24}},"176":{"start":{"line":177,"column":0},"end":{"line":177,"column":52}},"177":{"start":{"line":178,"column":0},"end":{"line":178,"column":78}},"179":{"start":{"line":180,"column":0},"end":{"line":180,"column":70}},"181":{"start":{"line":182,"column":0},"end":{"line":182,"column":48}},"182":{"start":{"line":183,"column":0},"end":{"line":183,"column":43}},"184":{"start":{"line":185,"column":0},"end":{"line":185,"column":46}},"185":{"start":{"line":186,"column":0},"end":{"line":186,"column":89}},"186":{"start":{"line":187,"column":0},"end":{"line":187,"column":54}},"187":{"start":{"line":188,"column":0},"end":{"line":188,"column":28}},"189":{"start":{"line":190,"column":0},"end":{"line":190,"column":46}},"190":{"start":{"line":191,"column":0},"end":{"line":191,"column":48}},"191":{"start":{"line":192,"column":0},"end":{"line":192,"column":33}},"192":{"start":{"line":193,"column":0},"end":{"line":193,"column":66}},"193":{"start":{"line":194,"column":0},"end":{"line":194,"column":62}},"194":{"start":{"line":195,"column":0},"end":{"line":195,"column":29}},"196":{"start":{"line":197,"column":0},"end":{"line":197,"column":47}},"197":{"start":{"line":198,"column":0},"end":{"line":198,"column":52}},"198":{"start":{"line":199,"column":0},"end":{"line":199,"column":35}},"199":{"start":{"line":200,"column":0},"end":{"line":200,"column":22}},"200":{"start":{"line":201,"column":0},"end":{"line":201,"column":69}},"201":{"start":{"line":202,"column":0},"end":{"line":202,"column":70}},"202":{"start":{"line":203,"column":0},"end":{"line":203,"column":102}},"203":{"start":{"line":204,"column":0},"end":{"line":204,"column":31}},"205":{"start":{"line":206,"column":0},"end":{"line":206,"column":48}},"206":{"start":{"line":207,"column":0},"end":{"line":207,"column":44}},"207":{"start":{"line":208,"column":0},"end":{"line":208,"column":56}},"208":{"start":{"line":209,"column":0},"end":{"line":209,"column":53}},"209":{"start":{"line":210,"column":0},"end":{"line":210,"column":27}},"211":{"start":{"line":212,"column":0},"end":{"line":212,"column":31}},"212":{"start":{"line":213,"column":0},"end":{"line":213,"column":3}},"215":{"start":{"line":216,"column":0},"end":{"line":216,"column":32}},"216":{"start":{"line":217,"column":0},"end":{"line":217,"column":61}},"217":{"start":{"line":218,"column":0},"end":{"line":218,"column":50}},"218":{"start":{"line":219,"column":0},"end":{"line":219,"column":42}},"219":{"start":{"line":220,"column":0},"end":{"line":220,"column":37}},"220":{"start":{"line":221,"column":0},"end":{"line":221,"column":43}},"221":{"start":{"line":222,"column":0},"end":{"line":222,"column":3}},"224":{"start":{"line":225,"column":0},"end":{"line":225,"column":33}},"225":{"start":{"line":226,"column":0},"end":{"line":226,"column":48}},"226":{"start":{"line":227,"column":0},"end":{"line":227,"column":50}},"227":{"start":{"line":228,"column":0},"end":{"line":228,"column":51}},"228":{"start":{"line":229,"column":0},"end":{"line":229,"column":49}},"229":{"start":{"line":230,"column":0},"end":{"line":230,"column":6}},"230":{"start":{"line":231,"column":0},"end":{"line":231,"column":43}},"231":{"start":{"line":232,"column":0},"end":{"line":232,"column":3}},"238":{"start":{"line":239,"column":0},"end":{"line":239,"column":49}},"239":{"start":{"line":240,"column":0},"end":{"line":240,"column":47}},"240":{"start":{"line":241,"column":0},"end":{"line":241,"column":83}},"243":{"start":{"line":244,"column":0},"end":{"line":244,"column":48}},"244":{"start":{"line":245,"column":0},"end":{"line":245,"column":43}},"246":{"start":{"line":247,"column":0},"end":{"line":247,"column":55}},"247":{"start":{"line":248,"column":0},"end":{"line":248,"column":48}},"249":{"start":{"line":250,"column":0},"end":{"line":250,"column":81}},"250":{"start":{"line":251,"column":0},"end":{"line":251,"column":49}},"251":{"start":{"line":252,"column":0},"end":{"line":252,"column":40}},"252":{"start":{"line":253,"column":0},"end":{"line":253,"column":84}},"253":{"start":{"line":254,"column":0},"end":{"line":254,"column":36}},"254":{"start":{"line":255,"column":0},"end":{"line":255,"column":37}},"255":{"start":{"line":256,"column":0},"end":{"line":256,"column":69}},"256":{"start":{"line":257,"column":0},"end":{"line":257,"column":45}},"257":{"start":{"line":258,"column":0},"end":{"line":258,"column":48}},"258":{"start":{"line":259,"column":0},"end":{"line":259,"column":45}},"259":{"start":{"line":260,"column":0},"end":{"line":260,"column":35}},"260":{"start":{"line":261,"column":0},"end":{"line":261,"column":82}},"261":{"start":{"line":262,"column":0},"end":{"line":262,"column":35}},"262":{"start":{"line":263,"column":0},"end":{"line":263,"column":35}},"263":{"start":{"line":264,"column":0},"end":{"line":264,"column":67}},"264":{"start":{"line":265,"column":0},"end":{"line":265,"column":43}},"265":{"start":{"line":266,"column":0},"end":{"line":266,"column":46}},"266":{"start":{"line":267,"column":0},"end":{"line":267,"column":76}},"267":{"start":{"line":268,"column":0},"end":{"line":268,"column":31}},"268":{"start":{"line":269,"column":0},"end":{"line":269,"column":34}},"269":{"start":{"line":270,"column":0},"end":{"line":270,"column":32}},"270":{"start":{"line":271,"column":0},"end":{"line":271,"column":38}},"272":{"start":{"line":273,"column":0},"end":{"line":273,"column":53}},"273":{"start":{"line":274,"column":0},"end":{"line":274,"column":44}},"274":{"start":{"line":275,"column":0},"end":{"line":275,"column":49}},"275":{"start":{"line":276,"column":0},"end":{"line":276,"column":82}},"276":{"start":{"line":277,"column":0},"end":{"line":277,"column":40}},"277":{"start":{"line":278,"column":0},"end":{"line":278,"column":41}},"278":{"start":{"line":279,"column":0},"end":{"line":279,"column":49}},"279":{"start":{"line":280,"column":0},"end":{"line":280,"column":41}},"280":{"start":{"line":281,"column":0},"end":{"line":281,"column":51}},"281":{"start":{"line":282,"column":0},"end":{"line":282,"column":46}},"282":{"start":{"line":283,"column":0},"end":{"line":283,"column":52}},"283":{"start":{"line":284,"column":0},"end":{"line":284,"column":84}},"284":{"start":{"line":285,"column":0},"end":{"line":285,"column":48}},"285":{"start":{"line":286,"column":0},"end":{"line":286,"column":35}},"286":{"start":{"line":287,"column":0},"end":{"line":287,"column":34}},"287":{"start":{"line":288,"column":0},"end":{"line":288,"column":58}},"289":{"start":{"line":290,"column":0},"end":{"line":290,"column":37}},"290":{"start":{"line":291,"column":0},"end":{"line":291,"column":32}},"293":{"start":{"line":294,"column":0},"end":{"line":294,"column":49}},"294":{"start":{"line":295,"column":0},"end":{"line":295,"column":45}},"296":{"start":{"line":297,"column":0},"end":{"line":297,"column":49}},"297":{"start":{"line":298,"column":0},"end":{"line":298,"column":45}},"298":{"start":{"line":299,"column":0},"end":{"line":299,"column":49}},"299":{"start":{"line":300,"column":0},"end":{"line":300,"column":45}},"300":{"start":{"line":301,"column":0},"end":{"line":301,"column":51}},"301":{"start":{"line":302,"column":0},"end":{"line":302,"column":54}},"302":{"start":{"line":303,"column":0},"end":{"line":303,"column":45}},"303":{"start":{"line":304,"column":0},"end":{"line":304,"column":32}},"304":{"start":{"line":305,"column":0},"end":{"line":305,"column":36}},"306":{"start":{"line":307,"column":0},"end":{"line":307,"column":50}},"307":{"start":{"line":308,"column":0},"end":{"line":308,"column":32}},"308":{"start":{"line":309,"column":0},"end":{"line":309,"column":38}},"309":{"start":{"line":310,"column":0},"end":{"line":310,"column":48}},"310":{"start":{"line":311,"column":0},"end":{"line":311,"column":99}},"311":{"start":{"line":312,"column":0},"end":{"line":312,"column":61}},"312":{"start":{"line":313,"column":0},"end":{"line":313,"column":48}},"313":{"start":{"line":314,"column":0},"end":{"line":314,"column":22}},"314":{"start":{"line":315,"column":0},"end":{"line":315,"column":58}},"315":{"start":{"line":316,"column":0},"end":{"line":316,"column":57}},"316":{"start":{"line":317,"column":0},"end":{"line":317,"column":32}},"317":{"start":{"line":318,"column":0},"end":{"line":318,"column":30}},"318":{"start":{"line":319,"column":0},"end":{"line":319,"column":6}},"320":{"start":{"line":321,"column":0},"end":{"line":321,"column":32}},"321":{"start":{"line":322,"column":0},"end":{"line":322,"column":36}},"324":{"start":{"line":325,"column":0},"end":{"line":325,"column":48}},"325":{"start":{"line":326,"column":0},"end":{"line":326,"column":43}},"326":{"start":{"line":327,"column":0},"end":{"line":327,"column":57}},"328":{"start":{"line":329,"column":0},"end":{"line":329,"column":29}},"329":{"start":{"line":330,"column":0},"end":{"line":330,"column":30}},"330":{"start":{"line":331,"column":0},"end":{"line":331,"column":29}},"331":{"start":{"line":332,"column":0},"end":{"line":332,"column":36}},"332":{"start":{"line":333,"column":0},"end":{"line":333,"column":3}},"337":{"start":{"line":338,"column":0},"end":{"line":338,"column":45}},"338":{"start":{"line":339,"column":0},"end":{"line":339,"column":34}},"339":{"start":{"line":340,"column":0},"end":{"line":340,"column":34}},"340":{"start":{"line":341,"column":0},"end":{"line":341,"column":36}},"341":{"start":{"line":342,"column":0},"end":{"line":342,"column":36}},"342":{"start":{"line":343,"column":0},"end":{"line":343,"column":31}},"343":{"start":{"line":344,"column":0},"end":{"line":344,"column":30}},"344":{"start":{"line":345,"column":0},"end":{"line":345,"column":3}},"350":{"start":{"line":351,"column":0},"end":{"line":351,"column":37}},"351":{"start":{"line":352,"column":0},"end":{"line":352,"column":52}},"352":{"start":{"line":353,"column":0},"end":{"line":353,"column":67}},"353":{"start":{"line":354,"column":0},"end":{"line":354,"column":90}},"354":{"start":{"line":355,"column":0},"end":{"line":355,"column":14}},"355":{"start":{"line":356,"column":0},"end":{"line":356,"column":7}},"357":{"start":{"line":358,"column":0},"end":{"line":358,"column":11}},"358":{"start":{"line":359,"column":0},"end":{"line":359,"column":89}},"359":{"start":{"line":360,"column":0},"end":{"line":360,"column":53}},"362":{"start":{"line":363,"column":0},"end":{"line":363,"column":26}},"363":{"start":{"line":364,"column":0},"end":{"line":364,"column":53}},"364":{"start":{"line":365,"column":0},"end":{"line":365,"column":45}},"365":{"start":{"line":366,"column":0},"end":{"line":366,"column":56}},"366":{"start":{"line":367,"column":0},"end":{"line":367,"column":63}},"367":{"start":{"line":368,"column":0},"end":{"line":368,"column":19}},"368":{"start":{"line":369,"column":0},"end":{"line":369,"column":80}},"369":{"start":{"line":370,"column":0},"end":{"line":370,"column":72}},"370":{"start":{"line":371,"column":0},"end":{"line":371,"column":68}},"371":{"start":{"line":372,"column":0},"end":{"line":372,"column":78}},"372":{"start":{"line":373,"column":0},"end":{"line":373,"column":81}},"373":{"start":{"line":374,"column":0},"end":{"line":374,"column":74}},"374":{"start":{"line":375,"column":0},"end":{"line":375,"column":11}},"376":{"start":{"line":377,"column":0},"end":{"line":377,"column":41}},"377":{"start":{"line":378,"column":0},"end":{"line":378,"column":9}},"380":{"start":{"line":381,"column":0},"end":{"line":381,"column":50}},"381":{"start":{"line":382,"column":0},"end":{"line":382,"column":23}},"382":{"start":{"line":383,"column":0},"end":{"line":383,"column":41}},"383":{"start":{"line":384,"column":0},"end":{"line":384,"column":71}},"384":{"start":{"line":385,"column":0},"end":{"line":385,"column":11}},"385":{"start":{"line":386,"column":0},"end":{"line":386,"column":61}},"386":{"start":{"line":387,"column":0},"end":{"line":387,"column":41}},"387":{"start":{"line":388,"column":0},"end":{"line":388,"column":37}},"388":{"start":{"line":389,"column":0},"end":{"line":389,"column":9}},"391":{"start":{"line":392,"column":0},"end":{"line":392,"column":63}},"392":{"start":{"line":393,"column":0},"end":{"line":393,"column":22}},"393":{"start":{"line":394,"column":0},"end":{"line":394,"column":9}},"394":{"start":{"line":395,"column":0},"end":{"line":395,"column":15}},"396":{"start":{"line":397,"column":0},"end":{"line":397,"column":7}},"397":{"start":{"line":398,"column":0},"end":{"line":398,"column":5}},"399":{"start":{"line":400,"column":0},"end":{"line":400,"column":59}},"400":{"start":{"line":401,"column":0},"end":{"line":401,"column":3}},"401":{"start":{"line":402,"column":0},"end":{"line":402,"column":1}}},"s":{"0":1,"6":1,"35":1,"37":3,"39":3,"41":3,"54":3,"56":3,"67":3,"68":61,"69":61,"70":61,"71":61,"72":61,"73":61,"74":61,"75":61,"76":61,"77":61,"78":61,"85":3,"86":56,"87":56,"88":56,"89":56,"90":56,"92":56,"93":56,"94":56,"96":56,"97":56,"104":3,"105":38,"107":37,"109":37,"110":19,"111":19,"112":19,"113":19,"115":19,"116":19,"117":19,"118":19,"120":19,"121":19,"122":19,"123":37,"124":38,"131":3,"132":388,"134":388,"135":388,"136":388,"137":388,"138":388,"139":388,"141":388,"142":388,"143":284,"144":284,"145":284,"146":284,"147":388,"148":59,"149":59,"150":59,"151":59,"152":388,"153":388,"154":388,"155":388,"156":45,"157":45,"158":45,"159":45,"160":388,"162":388,"163":246,"164":246,"165":388,"172":3,"173":246,"174":246,"176":246,"177":246,"179":246,"181":246,"182":246,"184":246,"185":246,"186":246,"187":246,"189":246,"190":246,"191":246,"192":200,"193":46,"194":246,"196":246,"197":246,"198":246,"199":200,"200":200,"201":0,"202":46,"203":246,"205":246,"206":246,"207":246,"208":246,"209":246,"211":246,"212":246,"215":3,"216":56,"217":49,"218":49,"219":49,"220":49,"221":56,"224":3,"225":56,"226":56,"227":56,"228":3,"229":56,"230":56,"231":56,"238":3,"239":56,"240":56,"243":56,"244":56,"246":56,"247":56,"249":56,"250":56,"251":56,"252":56,"253":56,"254":56,"255":56,"256":56,"257":56,"258":56,"259":56,"260":56,"261":56,"262":56,"263":56,"264":56,"265":56,"266":56,"267":56,"268":56,"269":56,"270":56,"272":56,"273":56,"274":56,"275":56,"276":56,"277":56,"278":56,"279":56,"280":56,"281":56,"282":56,"283":56,"284":56,"285":56,"286":56,"287":56,"289":56,"290":56,"293":56,"294":56,"296":56,"297":56,"298":56,"299":56,"300":56,"301":56,"302":56,"303":56,"304":56,"306":56,"307":56,"308":56,"309":56,"310":56,"311":56,"312":56,"313":1,"314":1,"315":1,"316":1,"317":1,"318":56,"320":56,"321":56,"324":56,"325":56,"326":56,"328":56,"329":56,"330":56,"331":56,"332":56,"337":3,"338":3,"339":3,"340":3,"341":3,"342":3,"343":3,"344":3,"350":3,"351":56,"352":580,"353":124,"354":124,"355":124,"357":456,"358":580,"359":580,"362":580,"363":388,"364":388,"365":388,"366":388,"367":388,"368":388,"369":388,"370":388,"371":388,"372":388,"373":388,"374":388,"376":388,"377":388,"380":580,"381":23,"382":23,"383":23,"384":23,"385":23,"386":23,"387":23,"388":23,"391":580,"392":11,"393":11,"394":580,"396":34,"397":580,"399":56,"400":56,"401":3},"branchMap":{"0":{"type":"branch","line":36,"loc":{"start":{"line":36,"column":19},"end":{"line":402,"column":1}},"locations":[{"start":{"line":36,"column":19},"end":{"line":402,"column":1}}]},"1":{"type":"branch","line":68,"loc":{"start":{"line":68,"column":2},"end":{"line":79,"column":3}},"locations":[{"start":{"line":68,"column":2},"end":{"line":79,"column":3}}]},"2":{"type":"branch","line":69,"loc":{"start":{"line":69,"column":25},"end":{"line":69,"column":41}},"locations":[{"start":{"line":69,"column":25},"end":{"line":69,"column":41}}]},"3":{"type":"branch","line":70,"loc":{"start":{"line":70,"column":38},"end":{"line":70,"column":64}},"locations":[{"start":{"line":70,"column":38},"end":{"line":70,"column":64}}]},"4":{"type":"branch","line":86,"loc":{"start":{"line":86,"column":2},"end":{"line":98,"column":3}},"locations":[{"start":{"line":86,"column":2},"end":{"line":98,"column":3}}]},"5":{"type":"branch","line":93,"loc":{"start":{"line":93,"column":26},"end":{"line":95,"column":5}},"locations":[{"start":{"line":93,"column":26},"end":{"line":95,"column":5}}]},"6":{"type":"branch","line":94,"loc":{"start":{"line":94,"column":11},"end":{"line":94,"column":30}},"locations":[{"start":{"line":94,"column":11},"end":{"line":94,"column":30}}]},"7":{"type":"branch","line":105,"loc":{"start":{"line":105,"column":2},"end":{"line":125,"column":3}},"locations":[{"start":{"line":105,"column":2},"end":{"line":125,"column":3}}]},"8":{"type":"branch","line":106,"loc":{"start":{"line":106,"column":23},"end":{"line":106,"column":29}},"locations":[{"start":{"line":106,"column":23},"end":{"line":106,"column":29}}]},"9":{"type":"branch","line":106,"loc":{"start":{"line":106,"column":23},"end":{"line":124,"column":11}},"locations":[{"start":{"line":106,"column":23},"end":{"line":124,"column":11}}]},"10":{"type":"branch","line":110,"loc":{"start":{"line":110,"column":15},"end":{"line":124,"column":7}},"locations":[{"start":{"line":110,"column":15},"end":{"line":124,"column":7}}]},"11":{"type":"branch","line":123,"loc":{"start":{"line":123,"column":11},"end":{"line":123,"column":57}},"locations":[{"start":{"line":123,"column":11},"end":{"line":123,"column":57}}]},"12":{"type":"branch","line":132,"loc":{"start":{"line":132,"column":10},"end":{"line":166,"column":3}},"locations":[{"start":{"line":132,"column":10},"end":{"line":166,"column":3}}]},"13":{"type":"branch","line":143,"loc":{"start":{"line":143,"column":6},"end":{"line":147,"column":13}},"locations":[{"start":{"line":143,"column":6},"end":{"line":147,"column":13}}]},"14":{"type":"branch","line":146,"loc":{"start":{"line":146,"column":13},"end":{"line":146,"column":49}},"locations":[{"start":{"line":146,"column":13},"end":{"line":146,"column":49}}]},"15":{"type":"branch","line":148,"loc":{"start":{"line":148,"column":6},"end":{"line":152,"column":13}},"locations":[{"start":{"line":148,"column":6},"end":{"line":152,"column":13}}]},"16":{"type":"branch","line":151,"loc":{"start":{"line":151,"column":13},"end":{"line":151,"column":48}},"locations":[{"start":{"line":151,"column":13},"end":{"line":151,"column":48}}]},"17":{"type":"branch","line":153,"loc":{"start":{"line":153,"column":6},"end":{"line":153,"column":21}},"locations":[{"start":{"line":153,"column":6},"end":{"line":153,"column":21}}]},"18":{"type":"branch","line":154,"loc":{"start":{"line":154,"column":6},"end":{"line":154,"column":23}},"locations":[{"start":{"line":154,"column":6},"end":{"line":154,"column":23}}]},"19":{"type":"branch","line":155,"loc":{"start":{"line":155,"column":6},"end":{"line":155,"column":21}},"locations":[{"start":{"line":155,"column":6},"end":{"line":155,"column":21}}]},"20":{"type":"branch","line":156,"loc":{"start":{"line":156,"column":6},"end":{"line":160,"column":13}},"locations":[{"start":{"line":156,"column":6},"end":{"line":160,"column":13}}]},"21":{"type":"branch","line":159,"loc":{"start":{"line":159,"column":13},"end":{"line":159,"column":49}},"locations":[{"start":{"line":159,"column":13},"end":{"line":159,"column":49}}]},"22":{"type":"branch","line":163,"loc":{"start":{"line":163,"column":13},"end":{"line":163,"column":102}},"locations":[{"start":{"line":163,"column":13},"end":{"line":163,"column":102}}]},"23":{"type":"branch","line":163,"loc":{"start":{"line":163,"column":56},"end":{"line":163,"column":102}},"locations":[{"start":{"line":163,"column":56},"end":{"line":163,"column":102}}]},"24":{"type":"branch","line":163,"loc":{"start":{"line":163,"column":102},"end":{"line":165,"column":5}},"locations":[{"start":{"line":163,"column":102},"end":{"line":165,"column":5}}]},"25":{"type":"branch","line":173,"loc":{"start":{"line":173,"column":10},"end":{"line":213,"column":3}},"locations":[{"start":{"line":173,"column":10},"end":{"line":213,"column":3}}]},"26":{"type":"branch","line":175,"loc":{"start":{"line":175,"column":18},"end":{"line":175,"column":24}},"locations":[{"start":{"line":175,"column":18},"end":{"line":175,"column":24}}]},"27":{"type":"branch","line":178,"loc":{"start":{"line":178,"column":63},"end":{"line":178,"column":74}},"locations":[{"start":{"line":178,"column":63},"end":{"line":178,"column":74}}]},"28":{"type":"branch","line":180,"loc":{"start":{"line":180,"column":31},"end":{"line":180,"column":70}},"locations":[{"start":{"line":180,"column":31},"end":{"line":180,"column":70}}]},"29":{"type":"branch","line":186,"loc":{"start":{"line":186,"column":48},"end":{"line":186,"column":75}},"locations":[{"start":{"line":186,"column":48},"end":{"line":186,"column":75}}]},"30":{"type":"branch","line":186,"loc":{"start":{"line":186,"column":60},"end":{"line":186,"column":87}},"locations":[{"start":{"line":186,"column":60},"end":{"line":186,"column":87}}]},"31":{"type":"branch","line":187,"loc":{"start":{"line":187,"column":23},"end":{"line":187,"column":46}},"locations":[{"start":{"line":187,"column":23},"end":{"line":187,"column":46}}]},"32":{"type":"branch","line":187,"loc":{"start":{"line":187,"column":35},"end":{"line":187,"column":54}},"locations":[{"start":{"line":187,"column":35},"end":{"line":187,"column":54}}]},"33":{"type":"branch","line":192,"loc":{"start":{"line":192,"column":24},"end":{"line":193,"column":66}},"locations":[{"start":{"line":192,"column":24},"end":{"line":193,"column":66}}]},"34":{"type":"branch","line":193,"loc":{"start":{"line":193,"column":25},"end":{"line":193,"column":66}},"locations":[{"start":{"line":193,"column":25},"end":{"line":193,"column":66}}]},"35":{"type":"branch","line":193,"loc":{"start":{"line":193,"column":45},"end":{"line":194,"column":62}},"locations":[{"start":{"line":193,"column":45},"end":{"line":194,"column":62}}]},"36":{"type":"branch","line":194,"loc":{"start":{"line":194,"column":25},"end":{"line":194,"column":62}},"locations":[{"start":{"line":194,"column":25},"end":{"line":194,"column":62}}]},"37":{"type":"branch","line":199,"loc":{"start":{"line":199,"column":26},"end":{"line":202,"column":70}},"locations":[{"start":{"line":199,"column":26},"end":{"line":202,"column":70}}]},"38":{"type":"branch","line":201,"loc":{"start":{"line":201,"column":49},"end":{"line":202,"column":70}},"locations":[{"start":{"line":201,"column":49},"end":{"line":202,"column":70}}]},"39":{"type":"branch","line":202,"loc":{"start":{"line":202,"column":49},"end":{"line":203,"column":102}},"locations":[{"start":{"line":202,"column":49},"end":{"line":203,"column":102}}]},"40":{"type":"branch","line":203,"loc":{"start":{"line":203,"column":25},"end":{"line":203,"column":102}},"locations":[{"start":{"line":203,"column":25},"end":{"line":203,"column":102}}]},"41":{"type":"branch","line":208,"loc":{"start":{"line":208,"column":38},"end":{"line":208,"column":56}},"locations":[{"start":{"line":208,"column":38},"end":{"line":208,"column":56}}]},"42":{"type":"branch","line":216,"loc":{"start":{"line":216,"column":10},"end":{"line":222,"column":3}},"locations":[{"start":{"line":216,"column":10},"end":{"line":222,"column":3}}]},"43":{"type":"branch","line":217,"loc":{"start":{"line":217,"column":55},"end":{"line":217,"column":61}},"locations":[{"start":{"line":217,"column":55},"end":{"line":217,"column":61}}]},"44":{"type":"branch","line":217,"loc":{"start":{"line":217,"column":55},"end":{"line":221,"column":43}},"locations":[{"start":{"line":217,"column":55},"end":{"line":221,"column":43}}]},"45":{"type":"branch","line":225,"loc":{"start":{"line":225,"column":10},"end":{"line":232,"column":3}},"locations":[{"start":{"line":225,"column":10},"end":{"line":232,"column":3}}]},"46":{"type":"branch","line":228,"loc":{"start":{"line":228,"column":43},"end":{"line":230,"column":5}},"locations":[{"start":{"line":228,"column":43},"end":{"line":230,"column":5}}]},"47":{"type":"branch","line":229,"loc":{"start":{"line":229,"column":37},"end":{"line":229,"column":49}},"locations":[{"start":{"line":229,"column":37},"end":{"line":229,"column":49}}]},"48":{"type":"branch","line":239,"loc":{"start":{"line":239,"column":10},"end":{"line":333,"column":3}},"locations":[{"start":{"line":239,"column":10},"end":{"line":333,"column":3}}]},"49":{"type":"branch","line":241,"loc":{"start":{"line":241,"column":58},"end":{"line":241,"column":79}},"locations":[{"start":{"line":241,"column":58},"end":{"line":241,"column":79}}]},"50":{"type":"branch","line":241,"loc":{"start":{"line":241,"column":67},"end":{"line":241,"column":81}},"locations":[{"start":{"line":241,"column":67},"end":{"line":241,"column":81}}]},"51":{"type":"branch","line":267,"loc":{"start":{"line":267,"column":48},"end":{"line":267,"column":69}},"locations":[{"start":{"line":267,"column":48},"end":{"line":267,"column":69}}]},"52":{"type":"branch","line":267,"loc":{"start":{"line":267,"column":57},"end":{"line":267,"column":75}},"locations":[{"start":{"line":267,"column":57},"end":{"line":267,"column":75}}]},"53":{"type":"branch","line":288,"loc":{"start":{"line":288,"column":39},"end":{"line":288,"column":57}},"locations":[{"start":{"line":288,"column":39},"end":{"line":288,"column":57}}]},"54":{"type":"branch","line":313,"loc":{"start":{"line":313,"column":41},"end":{"line":319,"column":5}},"locations":[{"start":{"line":313,"column":41},"end":{"line":319,"column":5}}]},"55":{"type":"branch","line":351,"loc":{"start":{"line":351,"column":10},"end":{"line":401,"column":3}},"locations":[{"start":{"line":351,"column":10},"end":{"line":401,"column":3}}]},"56":{"type":"branch","line":352,"loc":{"start":{"line":352,"column":26},"end":{"line":398,"column":5}},"locations":[{"start":{"line":352,"column":26},"end":{"line":398,"column":5}}]},"57":{"type":"branch","line":353,"loc":{"start":{"line":353,"column":66},"end":{"line":356,"column":7}},"locations":[{"start":{"line":353,"column":66},"end":{"line":356,"column":7}}]},"58":{"type":"branch","line":356,"loc":{"start":{"line":356,"column":6},"end":{"line":359,"column":54}},"locations":[{"start":{"line":356,"column":6},"end":{"line":359,"column":54}}]},"59":{"type":"branch","line":359,"loc":{"start":{"line":359,"column":43},"end":{"line":359,"column":79}},"locations":[{"start":{"line":359,"column":43},"end":{"line":359,"column":79}}]},"60":{"type":"branch","line":359,"loc":{"start":{"line":359,"column":75},"end":{"line":359,"column":89}},"locations":[{"start":{"line":359,"column":75},"end":{"line":359,"column":89}}]},"61":{"type":"branch","line":360,"loc":{"start":{"line":360,"column":13},"end":{"line":360,"column":47}},"locations":[{"start":{"line":360,"column":13},"end":{"line":360,"column":47}}]},"62":{"type":"branch","line":360,"loc":{"start":{"line":360,"column":47},"end":{"line":360,"column":53}},"locations":[{"start":{"line":360,"column":47},"end":{"line":360,"column":53}}]},"63":{"type":"branch","line":360,"loc":{"start":{"line":360,"column":47},"end":{"line":363,"column":25}},"locations":[{"start":{"line":360,"column":47},"end":{"line":363,"column":25}}]},"64":{"type":"branch","line":363,"loc":{"start":{"line":363,"column":25},"end":{"line":378,"column":9}},"locations":[{"start":{"line":363,"column":25},"end":{"line":378,"column":9}}]},"65":{"type":"branch","line":366,"loc":{"start":{"line":366,"column":25},"end":{"line":366,"column":54}},"locations":[{"start":{"line":366,"column":25},"end":{"line":366,"column":54}}]},"66":{"type":"branch","line":366,"loc":{"start":{"line":366,"column":40},"end":{"line":366,"column":56}},"locations":[{"start":{"line":366,"column":40},"end":{"line":366,"column":56}}]},"67":{"type":"branch","line":367,"loc":{"start":{"line":367,"column":27},"end":{"line":367,"column":60}},"locations":[{"start":{"line":367,"column":27},"end":{"line":367,"column":60}}]},"68":{"type":"branch","line":367,"loc":{"start":{"line":367,"column":44},"end":{"line":367,"column":63}},"locations":[{"start":{"line":367,"column":44},"end":{"line":367,"column":63}}]},"69":{"type":"branch","line":369,"loc":{"start":{"line":369,"column":32},"end":{"line":369,"column":77}},"locations":[{"start":{"line":369,"column":32},"end":{"line":369,"column":77}}]},"70":{"type":"branch","line":369,"loc":{"start":{"line":369,"column":55},"end":{"line":369,"column":80}},"locations":[{"start":{"line":369,"column":55},"end":{"line":369,"column":80}}]},"71":{"type":"branch","line":370,"loc":{"start":{"line":370,"column":30},"end":{"line":370,"column":69}},"locations":[{"start":{"line":370,"column":30},"end":{"line":370,"column":69}}]},"72":{"type":"branch","line":370,"loc":{"start":{"line":370,"column":50},"end":{"line":370,"column":72}},"locations":[{"start":{"line":370,"column":50},"end":{"line":370,"column":72}}]},"73":{"type":"branch","line":374,"loc":{"start":{"line":374,"column":32},"end":{"line":374,"column":71}},"locations":[{"start":{"line":374,"column":32},"end":{"line":374,"column":71}}]},"74":{"type":"branch","line":374,"loc":{"start":{"line":374,"column":55},"end":{"line":374,"column":74}},"locations":[{"start":{"line":374,"column":55},"end":{"line":374,"column":74}}]},"75":{"type":"branch","line":378,"loc":{"start":{"line":378,"column":8},"end":{"line":381,"column":49}},"locations":[{"start":{"line":378,"column":8},"end":{"line":381,"column":49}}]},"76":{"type":"branch","line":381,"loc":{"start":{"line":381,"column":49},"end":{"line":389,"column":9}},"locations":[{"start":{"line":381,"column":49},"end":{"line":389,"column":9}}]},"77":{"type":"branch","line":383,"loc":{"start":{"line":383,"column":23},"end":{"line":383,"column":41}},"locations":[{"start":{"line":383,"column":23},"end":{"line":383,"column":41}}]},"78":{"type":"branch","line":384,"loc":{"start":{"line":384,"column":26},"end":{"line":384,"column":51}},"locations":[{"start":{"line":384,"column":26},"end":{"line":384,"column":51}}]},"79":{"type":"branch","line":384,"loc":{"start":{"line":384,"column":42},"end":{"line":384,"column":71}},"locations":[{"start":{"line":384,"column":42},"end":{"line":384,"column":71}}]},"80":{"type":"branch","line":388,"loc":{"start":{"line":388,"column":15},"end":{"line":388,"column":37}},"locations":[{"start":{"line":388,"column":15},"end":{"line":388,"column":37}}]},"81":{"type":"branch","line":389,"loc":{"start":{"line":389,"column":8},"end":{"line":392,"column":62}},"locations":[{"start":{"line":389,"column":8},"end":{"line":392,"column":62}}]},"82":{"type":"branch","line":392,"loc":{"start":{"line":392,"column":28},"end":{"line":392,"column":62}},"locations":[{"start":{"line":392,"column":28},"end":{"line":392,"column":62}}]},"83":{"type":"branch","line":392,"loc":{"start":{"line":392,"column":62},"end":{"line":394,"column":9}},"locations":[{"start":{"line":392,"column":62},"end":{"line":394,"column":9}}]},"84":{"type":"branch","line":395,"loc":{"start":{"line":395,"column":6},"end":{"line":397,"column":7}},"locations":[{"start":{"line":395,"column":6},"end":{"line":397,"column":7}}]},"85":{"type":"branch","line":353,"loc":{"start":{"line":353,"column":38},"end":{"line":353,"column":63}},"locations":[{"start":{"line":353,"column":38},"end":{"line":353,"column":63}}]}},"b":{"0":[3],"1":[61],"2":[60],"3":[46],"4":[56],"5":[56],"6":[55],"7":[38],"8":[1],"9":[37],"10":[19],"11":[4],"12":[388],"13":[284],"14":[84],"15":[59],"16":[5],"17":[30],"18":[45],"19":[45],"20":[45],"21":[5],"22":[286],"23":[86],"24":[246],"25":[246],"26":[0],"27":[0],"28":[271],"29":[200],"30":[46],"31":[200],"32":[46],"33":[200],"34":[0],"35":[46],"36":[0],"37":[200],"38":[0],"39":[46],"40":[0],"41":[0],"42":[56],"43":[7],"44":[49],"45":[56],"46":[3],"47":[1],"48":[56],"49":[1],"50":[55],"51":[1],"52":[55],"53":[1],"54":[1],"55":[56],"56":[580],"57":[124],"58":[456],"59":[69],"60":[387],"61":[422],"62":[0],"63":[422],"64":[388],"65":[0],"66":[0],"67":[35],"68":[35],"69":[369],"70":[369],"71":[369],"72":[369],"73":[0],"74":[0],"75":[422],"76":[23],"77":[0],"78":[0],"79":[0],"80":[1],"81":[422],"82":[411],"83":[11],"84":[34],"85":[1645]},"fnMap":{"0":{"name":"<static_initializer>","decl":{"start":{"line":36,"column":19},"end":{"line":402,"column":1}},"loc":{"start":{"line":36,"column":19},"end":{"line":402,"column":1}},"line":36},"1":{"name":"Modal","decl":{"start":{"line":68,"column":2},"end":{"line":79,"column":3}},"loc":{"start":{"line":68,"column":2},"end":{"line":79,"column":3}},"line":68},"2":{"name":"open","decl":{"start":{"line":86,"column":2},"end":{"line":98,"column":3}},"loc":{"start":{"line":86,"column":2},"end":{"line":98,"column":3}},"line":86},"3":{"name":"close","decl":{"start":{"line":105,"column":2},"end":{"line":125,"column":3}},"loc":{"start":{"line":105,"column":2},"end":{"line":125,"column":3}},"line":105},"4":{"name":"dispatchResponse","decl":{"start":{"line":132,"column":10},"end":{"line":166,"column":3}},"loc":{"start":{"line":132,"column":10},"end":{"line":166,"column":3}},"line":132},"5":{"name":"showResult","decl":{"start":{"line":173,"column":10},"end":{"line":213,"column":3}},"loc":{"start":{"line":173,"column":10},"end":{"line":213,"column":3}},"line":173},"6":{"name":"injectStyles","decl":{"start":{"line":216,"column":10},"end":{"line":222,"column":3}},"loc":{"start":{"line":216,"column":10},"end":{"line":222,"column":3}},"line":216},"7":{"name":"createOverlay","decl":{"start":{"line":225,"column":10},"end":{"line":232,"column":3}},"loc":{"start":{"line":225,"column":10},"end":{"line":232,"column":3}},"line":225},"8":{"name":"createModal","decl":{"start":{"line":239,"column":10},"end":{"line":333,"column":3}},"loc":{"start":{"line":239,"column":10},"end":{"line":333,"column":3}},"line":239},"9":{"name":"listenForMessages","decl":{"start":{"line":351,"column":10},"end":{"line":401,"column":3}},"loc":{"start":{"line":351,"column":10},"end":{"line":401,"column":3}},"line":351},"10":{"name":"messageHandler","decl":{"start":{"line":352,"column":26},"end":{"line":398,"column":5}},"loc":{"start":{"line":352,"column":26},"end":{"line":398,"column":5}},"line":352}},"f":{"0":3,"1":61,"2":56,"3":38,"4":388,"5":246,"6":56,"7":56,"8":56,"9":56,"10":580}}
,"/Users/azinakou/Documents/Workspace/CinetPay/Lab/Aurore/seamlessIntegration/src/styles.ts": {"path":"/Users/azinakou/Documents/Workspace/CinetPay/Lab/Aurore/seamlessIntegration/src/styles.ts","all":false,"statementMap":{"18":{"start":{"line":19,"column":0},"end":{"line":19,"column":23}}},"s":{"18":1},"branchMap":{},"b":{},"fnMap":{},"f":{}}
,"/Users/azinakou/Documents/Workspace/CinetPay/Lab/Aurore/seamlessIntegration/src/types.ts": {"path":"/Users/azinakou/Documents/Workspace/CinetPay/Lab/Aurore/seamlessIntegration/src/types.ts","all":false,"statementMap":{"107":{"start":{"line":108,"column":0},"end":{"line":108,"column":95}},"108":{"start":{"line":109,"column":0},"end":{"line":109,"column":54}},"109":{"start":{"line":110,"column":0},"end":{"line":110,"column":1}},"112":{"start":{"line":113,"column":0},"end":{"line":113,"column":97}},"113":{"start":{"line":114,"column":0},"end":{"line":114,"column":33}},"114":{"start":{"line":115,"column":0},"end":{"line":115,"column":1}}},"s":{"107":1,"108":15,"109":15,"112":1,"113":52,"114":52},"branchMap":{"0":{"type":"branch","line":108,"loc":{"start":{"line":108,"column":7},"end":{"line":110,"column":1}},"locations":[{"start":{"line":108,"column":7},"end":{"line":110,"column":1}}]},"1":{"type":"branch","line":109,"loc":{"start":{"line":109,"column":21},"end":{"line":109,"column":54}},"locations":[{"start":{"line":109,"column":21},"end":{"line":109,"column":54}}]},"2":{"type":"branch","line":113,"loc":{"start":{"line":113,"column":7},"end":{"line":115,"column":1}},"locations":[{"start":{"line":113,"column":7},"end":{"line":115,"column":1}}]}},"b":{"0":[15],"1":[12],"2":[52]},"fnMap":{"0":{"name":"isDirectConfig","decl":{"start":{"line":108,"column":7},"end":{"line":110,"column":1}},"loc":{"start":{"line":108,"column":7},"end":{"line":110,"column":1}},"line":108},"1":{"name":"isBackendConfig","decl":{"start":{"line":113,"column":7},"end":{"line":115,"column":1}},"loc":{"start":{"line":113,"column":7},"end":{"line":115,"column":1}},"line":113}},"f":{"0":15,"1":52}}
}
